Method 'SystemVoidCosmosSystemKernelStart', ID = '0'
Method 'SystemVoidCosmosIL2CPURuntimeEngineInitializeApplication', ID = '1'
Method 'SystemVoidCosmosIL2CPURuntimeEngineFinalizeApplicationSystemInt32', ID = '2'
Method 'SystemBooleanCosmosIL2CPUVTablesImplIsInstanceSystemUInt32SystemUInt32SystemBoolean', ID = '3'
Method 'SystemVoidCosmosIL2CPUVTablesImplSetTypeInfoSystemInt32SystemUInt32SystemUInt32SystemUInt32arraySystemUInt32SystemUInt32arraySystemUInt32arraySystemUInt32SystemUInt32arraySystemUInt32array', ID = '4'
Method 'SystemVoidCosmosIL2CPUVTablesImplSetInterfaceInfoSystemInt32SystemInt32SystemUInt32', ID = '5'
Method 'SystemVoidCosmosIL2CPUVTablesImplSetMethodInfoSystemInt32SystemInt32SystemUInt32SystemUInt32', ID = '6'
Method 'SystemVoidCosmosIL2CPUVTablesImplSetInterfaceMethodInfoSystemInt32SystemInt32SystemUInt32SystemUInt32', ID = '7'
Method 'SystemUInt32CosmosIL2CPUVTablesImplGetMethodAddressForTypeSystemUInt32SystemUInt32', ID = '8'
Method 'SystemUInt32CosmosIL2CPUVTablesImplGetMethodAddressForInterfaceTypeSystemUInt32SystemUInt32', ID = '9'
Method 'SystemVoidCosmosIL2CPUExceptionHelperThrowNotImplementedSystemString', ID = '13'
Method 'SystemVoidCosmosIL2CPUExceptionHelperThrowOverflow', ID = '14'
Method 'SystemVoidCosmosIL2CPUExceptionHelperThrowInvalidOperationSystemString', ID = '15'
Method 'SystemVoidCosmosIL2CPUExceptionHelperThrowArgumentOutOfRangeSystemString', ID = '16'
Method 'SystemVoidSystemArrayctor', ID = '18'
Method 'SystemDelegatearraySystemMulticastDelegateGetInvocationList', ID = '19'
Method 'SystemVoidCosmosIL2CPUExceptionHelperThrowInvalidCastException', ID = '21'
Method 'SystemVoidCosmosIL2CPUExceptionHelperThrowNotFiniteNumberExceptionSystemDouble', ID = '22'
Method 'SystemVoidCosmosIL2CPUExceptionHelperThrowDivideByZeroException', ID = '23'
Method 'SystemVoidCosmosIL2CPUExceptionHelperThrowIndexOutOfRangeException', ID = '24'
Method 'SystemVoidOSKernelctor', ID = '25'
Method 'SystemVoidCosmosDebugKernelDebuggerSendSystemString', ID = '30'
Method 'SystemVoidCosmosHALBootstrapInit', ID = '34'
Method 'CosmosHALTextScreenBaseCosmosSystemKernelGetTextScreen', ID = '35'
Method 'SystemVoidCosmosSystemGlobalInitCosmosHALTextScreenBase', ID = '36'
Method 'SystemVoidCosmosSystemKernelBeforeRun', ID = '37'
Method 'SystemVoidCosmosHALGlobalEnableInterrupts', ID = '38'
Method 'SystemVoidCosmosSystemKernelAfterRun', ID = '40'
Method 'SystemVoidCosmosIL2CPURuntimeEngineInitializeEngine', ID = '44'
Method 'SystemVoidCosmosIL2CPURuntimeEngineHeap_Initialize', ID = '45'
Method 'SystemVoidCosmosIL2CPURuntimeEngineFinalizeEngine', ID = '47'
Method 'SystemVoidCosmosIL2CPURuntimeEngineExitProcessSystemInt32', ID = '48'
Method 'SystemVoidCosmosIL2CPUVTablesImplDebugSystemString', ID = '54'
Method 'SystemVoidCosmosIL2CPUVTablesImplDebugHexSystemStringSystemUInt32', ID = '55'
Method 'SystemVoidCosmosIL2CPUVTablesImplDebugAndHaltSystemString', ID = '57'
Method 'SystemVoidCosmosDebugKernelPlugsAsmDebuggerAsmSendKernelPanicSystemUInt32', ID = '59'
Method 'SystemVoidCosmosCore_PlugsGCImplementionImplIncRefCountSystemUInt32', ID = '61'
Method 'SystemVoidCosmosCore_PlugsGCImplementionImplDecRefCountSystemUInt32', ID = '62'
Method 'SystemUInt32CosmosCore_PlugsGCImplementionImplAllocNewObjectSystemUInt32', ID = '63'
Method 'SystemVoidSystemNotImplementedExceptionctorSystemString', ID = '65'
Method 'SystemVoidSystemOverflowExceptionctorSystemString', ID = '66'
Method 'SystemVoidSystemInvalidOperationExceptionctorSystemString', ID = '67'
Method 'SystemVoidSystemArgumentOutOfRangeExceptionctorSystemString', ID = '68'
Method 'SystemDelegatearraySystemDelegateGetInvocationList', ID = '79'
Method 'SystemInt32SystemIntPtrop_ExplicitSystemIntPtr', ID = '82'
Method 'SystemVoidSystemInvalidCastExceptionctor', ID = '83'
Method 'SystemVoidSystemNotFiniteNumberExceptionctorSystemDouble', ID = '85'
Method 'SystemVoidSystemDivideByZeroExceptionctor', ID = '86'
Method 'SystemVoidSystemIndexOutOfRangeExceptionctor', ID = '87'
Method 'SystemVoidCosmosSystemKernelctor', ID = '89'
Method 'SystemVoidCosmosSystemGlobalcctor', ID = '91'
Method 'SystemVoidCosmosCore_PlugsSystemExceptionImplCtorSystemString', ID = '95'
Method 'SystemVoidCosmosCoreBootstrapInit', ID = '102'
Method 'SystemVoidCosmosSystemConsolectorCosmosHALTextScreenBase', ID = '104'
Method 'SystemVoidCosmosHALGlobalInitCosmosHALTextScreenBase', ID = '106'
Method 'SystemVoidCosmosSystemGlobalset_NumLockSystemBoolean', ID = '107'
Method 'SystemVoidCosmosSystemGlobalset_CapsLockSystemBoolean', ID = '108'
Method 'SystemVoidCosmosSystemGlobalset_ScrollLockSystemBoolean', ID = '109'
Method 'SystemVoidOSKernelBeforeRun', ID = '110'
Method 'SystemVoidCosmosCoreCPUEnableInterrupts', ID = '112'
Method 'SystemVoidOSKernelRun', ID = '113'
Method 'SystemVoidCosmosSystem_PlugsSystemConsoleImplWriteLineSystemString', ID = '115'
Method 'SystemStringSystemValueTypeToString', ID = '116'
Method 'SystemStringSystemStringToString', ID = '117'
Method 'SystemStringSystemBooleanToString', ID = '120'
Method 'SystemStringCosmosCore_PlugsSystemObjectImplToString', ID = '123'
Method 'SystemVoidCosmosIL2CPURuntimeEnginecctor', ID = '124'
Method 'SystemVoidSystemBooleancctor', ID = '130'
Method 'SystemVoidCosmosIL2CPUVTablesImplcctor', ID = '133'
Method 'SystemVoidCosmosDebugKernelDebuggerSendNumberSystemUInt32', ID = '135'
Method 'SystemVoidCosmosCoreMemoryOldGlobalSystemInfoEnsureInitialized', ID = '143'
Method 'SystemUInt32CosmosCoreMemoryOldHeapMemAllocSystemUInt32', ID = '144'
Method 'SystemVoidSystemSystemExceptionctorSystemString', ID = '146'
Method 'SystemVoidSystemExceptionset_HResultSystemInt32', ID = '147'
Method 'SystemVoidSystemArithmeticExceptionctorSystemString', ID = '149'
Method 'SystemStringSystemSRget_Arg_ArgumentOutOfRangeException', ID = '152'
Method 'SystemVoidSystemArgumentExceptionctorSystemStringSystemString', ID = '153'
Method 'SystemVoidCosmosCore_PlugsSystemObjectImplCtor', ID = '154'
Method 'SystemStringSystemSRget_Arg_InvalidCastException', ID = '168'
Method 'SystemVoidSystemDoublecctor', ID = '169'
Method 'SystemVoidSystemArithmeticExceptionctor', ID = '173'
Method 'SystemStringSystemSRget_Arg_DivideByZero', ID = '175'
Method 'SystemStringSystemSRget_Arg_IndexOutOfRangeException', ID = '177'
Method 'SystemVoidCosmosDebugKernelDebuggerctorSystemStringSystemString', ID = '178'
Method 'SystemVoidCosmosDebugKernelPlugsAsmDebuggerAsmDoSendSystemString', ID = '180'
Method 'SystemVoidSystemExceptioncctor', ID = '181'
Method 'SystemVoidCosmosCoreINTsDummy', ID = '185'
Method 'SystemVoidCosmosCorePICctor', ID = '186'
Method 'SystemVoidCosmosHALTextScreenctor', ID = '194'
Method 'SystemVoidCosmosCoreGlobalInit', ID = '197'
Method 'SystemVoidCosmosHALPCISetup', ID = '198'
Method 'SystemVoidCosmosCoreACPIStartSystemBooleanSystemBoolean', ID = '199'
Method 'SystemVoidCosmosHALPS2ControllerInitialize', ID = '201'
Method 'SystemVoidCosmosHALBlockDeviceIDEInitDriver', ID = '202'
Method 'SystemVoidCosmosHALBlockDeviceAHCIInitDriver', ID = '203'
Method 'SystemVoidCosmosSystemKeyboardManagerset_NumLockSystemBoolean', ID = '204'
Method 'SystemVoidCosmosSystemKeyboardManagerset_CapsLockSystemBoolean', ID = '205'
Method 'SystemVoidCosmosSystemKeyboardManagerset_ScrollLockSystemBoolean', ID = '206'
Method 'SystemStringSystemStringConcatSystemStringSystemStringSystemStringSystemString', ID = '208'
Method 'SystemStringSystemStringConcatSystemStringSystemString', ID = '209'
Method 'SystemVoiddriversfileFATctor', ID = '210'
Method 'SystemInt32SystemCollectionsGenericList1CosmosSystemFileSystemListingDirectoryEntryget_Count', ID = '213'
Method 'SystemVoidCosmosSystemFileSystemCosmosVFSctor', ID = '214'
Method 'SystemVoidCosmosSystemFileSystemVFSVFSManagerRegisterVFSCosmosSystemFileSystemVFSVFSBase', ID = '215'
Method 'SystemVoidCosmosHALGlobalcctor', ID = '216'
Method 'SystemVoidSystemConsolecctor', ID = '220'
Method 'SystemStringSystemEnvironmentget_NewLine', ID = '222'
Method 'SystemVoidCosmosSystem_PlugsSystemConsoleImplWriteSystemString', ID = '223'
Method 'SystemStringCosmosSystem_PlugsSystemInt32ImplToString', ID = '225'
Method 'SystemStringCosmosSystem_PlugsSystemUInt32ImplToString', ID = '226'
Method 'SystemStringCosmosSystem_PlugsSystemDoubleImplToString', ID = '227'
Method 'SystemStringCosmosCore_PlugsSystemExceptionImplToString', ID = '228'
Method 'SystemUInt32CosmosCoreMemoryOldGlobalSystemInfoget_TotalDataLookupTableSize', ID = '240'
Method 'SystemBooleanCosmosCoreCPUDisableInterrupts', ID = '244'
Method 'SystemVoidCosmosCoreMemoryOldHeapEnsureIsInitialized', ID = '245'
Method 'CosmosCoreMemoryOldGlobalInformationTablepointerCosmosCoreMemoryOldGlobalSystemInfoget_GlobalInformationTable', ID = '246'
Method 'SystemBooleanCosmosCoreMemoryOldHeapScanDataLookupTableCosmosCoreMemoryOldDataLookupTablepointerSystemUInt32SystemUInt32', ID = '248'
Method 'CosmosCoreMemoryOldDataLookupEntrypointerCosmosCoreMemoryOldDataLookupTableGetEntrySystemUInt32', ID = '251'
Method 'SystemVoidCosmosCoreMemoryOldHeapClearMemorySystemVoidpointerSystemUInt32', ID = '253'
Method 'SystemStringSystemSRGetResourceStringSystemStringSystemString', ID = '258'
Method 'SystemDoubleSystemBitConverterInt64BitsToDoubleSystemInt64', ID = '261'
Method 'SystemStringSystemSRget_Arg_ArithmeticException', ID = '263'
Method 'SystemVoidCosmosCoreBootstrapcctor', ID = '265'
Method 'SystemVoidCosmosCoreINTsHandleInterrupt_DefaultCosmosCoreINTsIRQContext', ID = '268'
Method 'SystemVoidCosmosCoreINTsHandleInterrupt_00CosmosCoreINTsIRQContext', ID = '269'
Method 'SystemVoidCosmosCoreINTsHandleInterrupt_01CosmosCoreINTsIRQContext', ID = '270'
Method 'SystemVoidCosmosCoreINTsHandleInterrupt_02CosmosCoreINTsIRQContext', ID = '271'
Method 'SystemVoidCosmosCoreINTsHandleInterrupt_03CosmosCoreINTsIRQContext', ID = '272'
Method 'SystemVoidCosmosCoreINTsHandleInterrupt_04CosmosCoreINTsIRQContext', ID = '273'
Method 'SystemVoidCosmosCoreINTsHandleInterrupt_05CosmosCoreINTsIRQContext', ID = '274'
Method 'SystemVoidCosmosCoreINTsHandleInterrupt_06CosmosCoreINTsIRQContext', ID = '275'
Method 'SystemVoidCosmosCoreINTsHandleInterrupt_07CosmosCoreINTsIRQContext', ID = '276'
Method 'SystemVoidCosmosCoreINTsHandleInterrupt_08CosmosCoreINTsIRQContext', ID = '277'
Method 'SystemVoidCosmosCoreINTsHandleInterrupt_09CosmosCoreINTsIRQContext', ID = '278'
Method 'SystemVoidCosmosCoreINTsHandleInterrupt_0ACosmosCoreINTsIRQContext', ID = '279'
Method 'SystemVoidCosmosCoreINTsHandleInterrupt_0BCosmosCoreINTsIRQContext', ID = '280'
Method 'SystemVoidCosmosCoreINTsHandleInterrupt_0CCosmosCoreINTsIRQContext', ID = '281'
Method 'SystemVoidCosmosCoreINTsHandleInterrupt_0DCosmosCoreINTsIRQContext', ID = '282'
Method 'SystemVoidCosmosCoreINTsHandleInterrupt_0ECosmosCoreINTsIRQContext', ID = '283'
Method 'SystemVoidCosmosCoreINTsHandleInterrupt_0FCosmosCoreINTsIRQContext', ID = '284'
Method 'SystemVoidCosmosCoreINTsHandleInterrupt_10CosmosCoreINTsIRQContext', ID = '285'
Method 'SystemVoidCosmosCoreINTsHandleInterrupt_11CosmosCoreINTsIRQContext', ID = '286'
Method 'SystemVoidCosmosCoreINTsHandleInterrupt_12CosmosCoreINTsIRQContext', ID = '287'
Method 'SystemVoidCosmosCoreINTsHandleInterrupt_13CosmosCoreINTsIRQContext', ID = '288'
Method 'SystemVoidCosmosCoreINTsHandleInterrupt_20CosmosCoreINTsIRQContext', ID = '289'
Method 'SystemVoidCosmosCoreINTsHandleInterrupt_21CosmosCoreINTsIRQContext', ID = '290'
Method 'SystemVoidCosmosCoreINTsHandleInterrupt_22CosmosCoreINTsIRQContext', ID = '291'
Method 'SystemVoidCosmosCoreINTsHandleInterrupt_23CosmosCoreINTsIRQContext', ID = '292'
Method 'SystemVoidCosmosCoreINTsHandleInterrupt_24CosmosCoreINTsIRQContext', ID = '293'
Method 'SystemVoidCosmosCoreINTsHandleInterrupt_25CosmosCoreINTsIRQContext', ID = '294'
Method 'SystemVoidCosmosCoreINTsHandleInterrupt_26CosmosCoreINTsIRQContext', ID = '295'
Method 'SystemVoidCosmosCoreINTsHandleInterrupt_27CosmosCoreINTsIRQContext', ID = '296'
Method 'SystemVoidCosmosCoreINTsHandleInterrupt_28CosmosCoreINTsIRQContext', ID = '297'
Method 'SystemVoidCosmosCoreINTsHandleInterrupt_29CosmosCoreINTsIRQContext', ID = '298'
Method 'SystemVoidCosmosCoreINTsHandleInterrupt_2ACosmosCoreINTsIRQContext', ID = '299'
Method 'SystemVoidCosmosCoreINTsHandleInterrupt_2BCosmosCoreINTsIRQContext', ID = '300'
Method 'SystemVoidCosmosCoreINTsHandleInterrupt_2CCosmosCoreINTsIRQContext', ID = '301'
Method 'SystemVoidCosmosCoreINTsHandleInterrupt_2DCosmosCoreINTsIRQContext', ID = '302'
Method 'SystemVoidCosmosCoreINTsHandleInterrupt_2ECosmosCoreINTsIRQContext', ID = '303'
Method 'SystemVoidCosmosCoreINTsHandleInterrupt_2FCosmosCoreINTsIRQContext', ID = '304'
Method 'SystemVoidCosmosCoreINTsHandleInterrupt_30CosmosCoreINTsIRQContext', ID = '305'
Method 'SystemVoidCosmosCoreINTsHandleInterrupt_35CosmosCoreINTsIRQContext', ID = '306'
Method 'SystemVoidCosmosCoreINTsHandleInterrupt_40CosmosCoreINTsIRQContext', ID = '307'
Method 'SystemVoidCosmosCoreINTsHandleInterrupt_41CosmosCoreINTsIRQContext', ID = '308'
Method 'SystemVoidCosmosCoreINTsHandleInterrupt_42CosmosCoreINTsIRQContext', ID = '309'
Method 'SystemVoidCosmosCoreINTsHandleInterrupt_43CosmosCoreINTsIRQContext', ID = '310'
Method 'SystemVoidCosmosCoreINTsHandleInterrupt_44CosmosCoreINTsIRQContext', ID = '311'
Method 'SystemVoidCosmosCoreINTsHandleInterrupt_45CosmosCoreINTsIRQContext', ID = '312'
Method 'SystemVoidCosmosCoreINTsHandleInterrupt_46CosmosCoreINTsIRQContext', ID = '313'
Method 'SystemVoidCosmosCoreINTsHandleInterrupt_47CosmosCoreINTsIRQContext', ID = '314'
Method 'SystemVoidCosmosCoreINTsHandleInterrupt_48CosmosCoreINTsIRQContext', ID = '315'
Method 'SystemVoidCosmosCoreINTsHandleInterrupt_49CosmosCoreINTsIRQContext', ID = '316'
Method 'SystemVoidCosmosCoreIOGroupPICctorSystemBoolean', ID = '318'
Method 'SystemVoidCosmosCorePICRemapSystemByteSystemByteSystemByteSystemByte', ID = '319'
Method 'SystemVoidCosmosCore_AsmCPUImplUpdateIDTSystemBoolean', ID = '320'
Method 'SystemVoidCosmosCore_AsmCPUImplInitSSE', ID = '321'
Method 'SystemVoidCosmosCore_AsmCPUImplInitFloat', ID = '322'
Method 'SystemVoidCosmosCoreIOGroupTextScreenctor', ID = '324'
Method 'SystemVoidCosmosHALTextScreenBasector', ID = '325'
Method 'SystemVoidSystemCollectionsGenericList1CosmosHALPCIDevicector', ID = '335'
Method 'SystemUInt16CosmosHALPCIDeviceGetHeaderTypeSystemUInt16SystemUInt16SystemUInt16', ID = '337'
Method 'SystemVoidCosmosHALPCICheckBusSystemUInt16', ID = '338'
Method 'SystemUInt16CosmosHALPCIDeviceGetVendorIDSystemUInt16SystemUInt16SystemUInt16', ID = '339'
Method 'SystemBooleanCosmosCoreACPIInit', ID = '341'
Method 'SystemVoidCosmosCoreACPIEnable', ID = '342'
Method 'SystemVoidCosmosHALPS2ControllerSendCommandCosmosHALPS2ControllerCommandSystemNullable1SystemByte', ID = '345'
Method 'SystemByteCosmosHALPS2ControllerReadData', ID = '346'
Method 'SystemBooleanCosmosHALPS2ControllerWaitToReadData', ID = '347'
Method 'SystemVoidSystemNullable1SystemBytectorSystemByte', ID = '348'
Method 'SystemBooleanCosmosHALPS2ControllerTestPortSystemByte', ID = '349'
Method 'SystemVoidCosmosHALPS2ControllerIdentifyDeviceSystemByteCosmosHALDevice', ID = '350'
Method 'SystemVoidCosmosHALBlockDeviceIDEInitializeCosmosHALBlockDeviceAtaControllerIdEnumCosmosHALBlockDeviceAtaBusPositionEnum', ID = '353'
Method 'SystemVoidCosmosHALBlockDeviceAHCIctorCosmosHALPCIDevice', ID = '356'
Method 'SystemVoidCosmosSystem_PlugsSystemConsoleImplset_ForegroundColorSystemConsoleColor', ID = '362'
Method 'SystemBooleanSystemStringIsNullOrEmptySystemString', ID = '363'
Method 'SystemStringSystemStringConcatSystemStringSystemStringSystemString', ID = '364'
Method 'SystemVoidSystemStringFillStringCheckedSystemStringSystemInt32SystemString', ID = '367'
Method 'SystemVoidCosmosSystemFileSystemVFSVFSBasector', ID = '372'
Method 'SystemVoidCosmosHALPITctor', ID = '376'
Method 'SystemVoidCosmosHALPS2Controllerctor', ID = '378'
Method 'SystemVoidCosmosCore_AsmCPUImplDoEnableInterrupts', ID = '379'
Method 'SystemVoidCosmosSystem_PlugsSystemConsoleImplcctor', ID = '383'
Method 'CosmosSystemConsoleCosmosSystem_PlugsSystemConsoleImplGetConsole', ID = '385'
Method 'SystemBytearraySystemTextEncodingGetBytesSystemString', ID = '387'
Method 'SystemVoidCosmosSystemConsoleWriteSystemBytearray', ID = '388'
Method 'SystemTypeCosmosCore_PlugsSystemObjectImplGetType', ID = '390'
Method 'SystemStringCosmosCommonStringHelperGetNumberStringSystemInt32', ID = '393'
Method 'SystemStringCosmosCommonStringHelperGetNumberStringSystemUInt32', ID = '396'
Method 'SystemStringCosmosCommonStringHelperGetNumberStringSystemDouble', ID = '399'
Method 'SystemVoidCosmosCore_PlugsSystemObjectImplcctor', ID = '401'
Method 'SystemVoidCosmosDebugKernelPlugsAsmDebuggerAsmDoSendNumberSystemUInt32', ID = '402'
Method 'SystemUInt32CosmosCore_AsmCPUImplGetEndOfKernel', ID = '403'
Method 'SystemVoidCosmosCore_AsmCPUImplZeroFillSystemUInt32SystemUInt32', ID = '404'
Method 'SystemVoidCosmosCoreMemoryOldHeapcctor', ID = '405'
Method 'SystemVoidCosmosCoreMemoryOldHeapDoInitializeSystemUInt32', ID = '409'
Method 'SystemVoidSystemSRcctor', ID = '414'
Method 'SystemStringCosmosSystem_PlugsSystemIntPtrImplToString', ID = '417'
Method 'SystemVoidCosmosCoreCPUctor', ID = '420'
Method 'SystemVoidCosmosCoreINTscctor', ID = '421'
Method 'CosmosCorePICCosmosCoreGlobalget_PIC', ID = '423'
Method 'SystemVoidCosmosCorePICEoiSlave', ID = '424'
Method 'SystemVoidCosmosCorePICEoiMaster', ID = '425'
Method 'SystemVoidCosmosCoreINTsHandleExceptionSystemUInt32SystemStringSystemStringCosmosCoreINTsIRQContextSystemUInt32', ID = '426'
Method 'SystemVoidCosmosCore_AsmDelegateImplInvoke', ID = '620'
Method 'SystemVoidCosmosCoreINTsIRQSystemUInt32CosmosCoreINTsIRQContext', ID = '430'
Method 'SystemVoidCosmosCoreIOPortctorSystemUInt16', ID = '433'
Method 'SystemVoidCosmosCoreIOGroupIOGroupctor', ID = '434'
Method 'SystemByteCosmosCoreIOPortget_Byte', ID = '436'
Method 'SystemVoidCosmosCoreIOPortset_ByteSystemByte', ID = '437'
Method 'SystemVoidCosmosCoreIOPortWait', ID = '438'
Method 'SystemVoidCosmosCoreMemoryBlockctorSystemUInt32SystemUInt32', ID = '440'
Method 'SystemVoidCosmosHALDevicector', ID = '441'
Method 'SystemVoidCosmosHALTextScreenSetColorsSystemConsoleColorSystemConsoleColor', ID = '443'
Method 'SystemUInt16CosmosHALTextScreenget_Cols', ID = '445'
Method 'SystemUInt16CosmosHALTextScreenget_Rows', ID = '446'
Method 'SystemVoidCosmosHALTextScreenSetCursorSizeSystemInt32', ID = '447'
Method 'SystemVoidCosmosHALTextScreenSetCursorVisibleSystemBoolean', ID = '448'
Method 'SystemVoidCosmosCoreGlobalcctor', ID = '449'
Method 'SystemUInt32CosmosHALPCIDeviceGetAddressBaseSystemUInt32SystemUInt32SystemUInt32', ID = '453'
Method 'SystemVoidCosmosCoreIOPortset_DWordSystemUInt32', ID = '456'
Method 'SystemUInt32CosmosCoreIOPortget_DWord', ID = '457'
Method 'SystemVoidCosmosHALPCIDevicectorSystemUInt32SystemUInt32SystemUInt32', ID = '458'
Method 'SystemVoidCosmosHALPCICheckFunctionCosmosHALPCIDevice', ID = '459'
Method 'SystemVoidCosmosCoreACPIcctor', ID = '460'
Method 'SystemUInt32CosmosCoreACPIRSDPAddress', ID = '461'
Method 'SystemInt32CosmosCoreACPIacpiCheckHeaderSystemBytepointerSystemString', ID = '462'
Method 'SystemInt32pointerCosmosCoreACPIfacpgetSystemInt32', ID = '464'
Method 'SystemInt32CosmosCoreACPICompareSystemStringSystemBytepointer', ID = '465'
Method 'SystemByteCosmosCoreACPIfacpbgetSystemInt32', ID = '469'
Method 'SystemStringSystemNullable1SystemByteToString', ID = '480'
Method 'SystemBooleanCosmosHALPS2ControllerWaitToWrite', ID = '482'
Method 'SystemVoidCosmosCoreIOPortWriteset_ByteSystemByte', ID = '484'
Method 'SystemBooleanSystemNullable1SystemByteget_HasValue', ID = '485'
Method 'SystemByteSystemNullable1SystemByteget_Value', ID = '486'
Method 'SystemByteCosmosCoreIOPortReadget_Byte', ID = '487'
Method 'SystemStringCosmosCommonExtensionsToHexStringToHexSystemByte', ID = '488'
Method 'SystemStringSystemStringConcatSystemObjectarray', ID = '489'
Method 'SystemStringSystemStringConcatSystemObjectSystemObjectSystemObject', ID = '490'
Method 'SystemVoidCosmosHALPS2ControllerSendDeviceCommandCosmosHALPS2ControllerDeviceCommandSystemBooleanSystemNullable1SystemByte', ID = '492'
Method 'SystemBooleanCosmosHALPS2ControllerReadByteAfterAckWithTimeoutSystemByte', ID = '493'
Method 'SystemVoidCosmosHALPS2MousectorSystemByteSystemByte', ID = '494'
Method 'SystemBooleanCosmosHALPS2ControllerReadDataWithTimeoutSystemByte', ID = '496'
Method 'SystemVoidCosmosHALPS2KeyboardctorSystemByte', ID = '497'
Method 'SystemVoidCosmosHALBlockDeviceIDEcctor', ID = '499'
Method 'SystemVoidCosmosHALBlockDeviceAtaPioctorCosmosCoreIOGroupATACosmosHALBlockDeviceAtaControllerIdEnumCosmosHALBlockDeviceAtaBusPositionEnum', ID = '504'
Method 'CosmosHALBlockDeviceAtaPioSpecLevelCosmosHALBlockDeviceAtaPioget_DriveType', ID = '505'
Method 'SystemVoidSystemCollectionsGenericList1CosmosHALBlockDeviceBlockDeviceAddCosmosHALBlockDeviceBlockDevice', ID = '508'
Method 'SystemVoidCosmosHALBlockDeviceMBRctorSystemBytearray', ID = '512'
Method 'SystemVoidCosmosHALBlockDeviceEBRctorSystemBytearray', ID = '514'
Method 'SystemInt32SystemCollectionsGenericList1CosmosHALBlockDeviceEBRPartInfoget_Count', ID = '516'
Method 'SystemInt32SystemCollectionsGenericList1CosmosHALBlockDeviceMBRPartInfoget_Count', ID = '517'
Method 'SystemVoidCosmosDebugKernelDebuggerSendNumberSystemInt32', ID = '518'
Method 'CosmosHALBlockDeviceMBRPartInfoSystemCollectionsGenericList1CosmosHALBlockDeviceMBRPartInfoget_ItemSystemInt32', ID = '519'
Method 'SystemStringSystemStringConcatSystemObjectSystemObject', ID = '520'
Method 'SystemVoidCosmosHALBlockDevicePartitionctorCosmosHALBlockDeviceBlockDeviceSystemUInt64SystemUInt64', ID = '522'
Method 'SystemVoidCosmosHALBlockDeviceAHCIcctor', ID = '523'
Method 'SystemVoidCosmosHALPCIDeviceEnableBusMasterSystemBoolean', ID = '524'
Method 'SystemVoidCosmosHALPCIDeviceEnableMemorySystemBoolean', ID = '525'
Method 'SystemUInt32CosmosHALPCIBaseAddressBarget_BaseAddress', ID = '526'
Method 'SystemVoidCosmosHALBlockDeviceRegistersGenericRegistersctorSystemUInt32', ID = '528'
Method 'SystemUInt32CosmosHALBlockDeviceRegistersGenericRegistersget_GlobalHostControl', ID = '530'
Method 'SystemVoidCosmosHALBlockDeviceRegistersGenericRegistersset_GlobalHostControlSystemUInt32', ID = '531'
Method 'SystemVoidCosmosHALBlockDeviceAHCIGetCapabilities', ID = '532'
Method 'SystemVoidSystemCollectionsGenericList1CosmosHALBlockDevicePortsStoragePortset_CapacitySystemInt32', ID = '535'
Method 'SystemVoidCosmosHALBlockDeviceAHCIGetPorts', ID = '536'
Method 'SystemCollectionsGenericList1EnumeratorCosmosHALBlockDevicePortsStoragePortSystemCollectionsGenericList1CosmosHALBlockDevicePortsStoragePortGetEnumerator', ID = '537'
Method 'CosmosHALBlockDevicePortsStoragePortSystemCollectionsGenericList1EnumeratorCosmosHALBlockDevicePortsStoragePortget_Current', ID = '538'
Method 'SystemBooleanSystemCollectionsGenericList1EnumeratorCosmosHALBlockDevicePortsStoragePortMoveNext', ID = '545'
Method 'SystemVoidCosmosSystemKeyboardManagercctor', ID = '548'
Method 'SystemVoidCosmosSystemConsoleset_ForegroundSystemConsoleColor', ID = '552'
Method 'SystemInt32CosmosCore_PlugsSystemStringImplget_LengthSystemInt32', ID = '553'
Method 'SystemStringCosmosCore_PlugsSystemStringImplFastAllocateStringSystemInt32', ID = '554'
Method 'SystemVoidSystemStringwstrcpySystemCharpointerSystemCharpointerSystemInt32', ID = '555'
Method 'SystemVoidSystemCollectionsGenericList1CosmosSystemFileSystemListingDirectoryEntrycctor', ID = '556'
Method 'SystemCollectionsGenericList1CosmosSystemFileSystemListingDirectoryEntryCosmosSystemFileSystemCosmosVFSGetVolumes', ID = '562'
Method 'SystemVoidCosmosSystemFileSystemCosmosVFSInitialize', ID = '563'
Method 'SystemVoidSystemCollectionsGenericList1CosmosHALPITPITTimerctor', ID = '565'
Method 'SystemVoidCosmosHALPITHandleIRQCosmosCoreINTsIRQContext', ID = '566'
Method 'SystemVoidCosmosCore_AsmDelegateImplCtorSystemObjectSystemIntPtr', ID = '790'
Method 'SystemVoidCosmosCoreINTsSetIrqHandlerSystemByteCosmosCoreINTsIRQDelegate', ID = '568'
Method 'SystemVoidCosmosHALPITset_T0CountdownSystemUInt16', ID = '569'
Method 'SystemTextEncodingSystemTextEncodingget_ASCII', ID = '571'
Method 'SystemStringSystemSRget_ArgumentNull_String', ID = '577'
Method 'SystemVoidSystemArgumentNullExceptionctorSystemStringSystemString', ID = '578'
Method 'SystemInt32SystemTextEncodingGetByteCountSystemString', ID = '579'
Method 'SystemInt32SystemTextEncodingGetBytesSystemStringSystemInt32SystemInt32SystemBytearraySystemInt32', ID = '580'
Method 'SystemVoidCosmosSystemConsoleDoLineFeed', ID = '581'
Method 'SystemVoidCosmosSystemConsoleDoCarriageReturn', ID = '582'
Method 'SystemVoidCosmosSystemConsoleDoTab', ID = '583'
Method 'SystemVoidCosmosSystemConsoleWriteSystemByte', ID = '584'
Method 'SystemStringSystemTypeToString', ID = '587'
Method 'SystemVoidCosmosCoreCosmosRuntimeTypectorSystemUInt32', ID = '591'
Method 'SystemInt64SystemBitConverterDoubleToInt64BitsSystemDouble', ID = '593'
Method 'SystemStringSystemCharToString', ID = '595'
Method 'SystemStringSystemStringSubstringSystemInt32SystemInt32', ID = '599'
Method 'SystemStringSystemArgumentOutOfRangeExceptionget_Message', ID = '600'
Method 'SystemStringSystemArgumentExceptionget_Message', ID = '601'
Method 'SystemStringCosmosCore_PlugsSystemExceptionImplget_Message', ID = '602'
Method 'SystemVoidCosmosCore_AsmCPUImplDoDisableInterrupts', ID = '603'
Method 'SystemUInt32CosmosCore_AsmCPUImplGetAmountOfRAM', ID = '604'
Method 'SystemStringCosmosCore_PlugsSystemSRImplInternalGetResourceStringSystemString', ID = '608'
Method 'SystemBooleanCosmosCore_PlugsSystemStringImplEqualsSystemStringSystemStringComparison', ID = '610'
Method 'SystemVoidSystemBitConvertercctor', ID = '615'
Method 'SystemVoidCosmosCoreINTsPutErrorCharSystemInt32SystemInt32SystemChar', ID = '618'
Method 'SystemVoidCosmosCoreINTsPutErrorStringSystemInt32SystemInt32SystemString', ID = '619'
Method 'SystemVoidCosmosCoreIOPortBasectorSystemUInt16', ID = '622'
Method 'SystemVoidCosmosCoreMemoryBlock08ctorSystemUInt32SystemUInt32', ID = '629'
Method 'SystemVoidCosmosCoreMemoryBlock16ctorSystemUInt32SystemUInt32', ID = '630'
Method 'SystemVoidCosmosCoreMemoryBlock32ctorSystemUInt32SystemUInt32', ID = '631'
Method 'SystemVoidCosmosCoreBaseIOGroupsctor', ID = '636'
Method 'SystemVoidSystemCollectionsGenericList1CosmosHALPCIDevicecctor', ID = '637'
Method 'SystemVoidCosmosHALPCIDevicecctor', ID = '643'
Method 'SystemUInt16CosmosHALPCIDeviceReadRegister16SystemByte', ID = '646'
Method 'SystemByteCosmosHALPCIDeviceReadRegister8SystemByte', ID = '647'
Method 'SystemVoidCosmosHALPCIDeviceset_InterruptLineSystemByte', ID = '648'
Method 'SystemUInt32CosmosHALPCIDeviceReadRegister32SystemByte', ID = '650'
Method 'SystemVoidCosmosHALPCIBaseAddressBarctorSystemUInt32', ID = '651'
Method 'SystemVoidSystemCollectionsGenericList1CosmosHALPCIDeviceAddCosmosHALPCIDevice', ID = '652'
Method 'SystemBooleanCosmosCoreACPICheck_RSDSystemUInt32', ID = '654'
Method 'SystemVoidSystemThrowHelperThrowInvalidOperationExceptionSystemExceptionResource', ID = '658'
Method 'SystemStringCosmosCommonExtensionsToHexStringConvertToHexSystemUInt32SystemInt32', ID = '661'
Method 'SystemVoidSystemArgumentNullExceptionctorSystemString', ID = '662'
Method 'SystemBooleanCosmosHALPS2ControllerWaitForAck', ID = '665'
Method 'SystemVoidCosmosHALMouseBasector', ID = '668'
Method 'SystemVoidCosmosHALPS2MouseInitialize', ID = '670'
Method 'SystemVoidCosmosHALKeyboardBasector', ID = '672'
Method 'SystemVoidCosmosHALPS2KeyboardInitialize', ID = '674'
Method 'CosmosHALPCIDeviceCosmosHALPCIGetDeviceClassCosmosHALClassIDCosmosHALSubclassID', ID = '675'
Method 'SystemVoidCosmosCoreBaseIOGroupscctor', ID = '676'
Method 'SystemVoidCosmosHALBlockDeviceAtactor', ID = '679'
Method 'CosmosHALBlockDeviceAtaPioSpecLevelCosmosHALBlockDeviceAtaPioDiscoverDrive', ID = '680'
Method 'SystemVoidCosmosHALBlockDeviceAtaPioInitDrive', ID = '681'
Method 'SystemVoidCosmosHALBlockDeviceBlockDevicecctor', ID = '683'
Method 'SystemVoidSystemCollectionsGenericList1CosmosHALBlockDeviceBlockDeviceAddWithResizeCosmosHALBlockDeviceBlockDevice', ID = '685'
Method 'SystemVoidCosmosHALBlockDeviceAtacctor', ID = '686'
Method 'SystemStringCosmosHALBlockDeviceAtaToString', ID = '687'
Method 'SystemVoidCosmosHALBlockDeviceAtaPioReadBlockSystemUInt64SystemUInt64SystemBytearray', ID = '690'
Method 'SystemVoidSystemCollectionsGenericList1CosmosHALBlockDeviceMBRPartInfoctor', ID = '691'
Method 'SystemVoidCosmosHALBlockDeviceMBRParsePartitionSystemBytearraySystemUInt32', ID = '692'
Method 'SystemVoidSystemCollectionsGenericList1CosmosHALBlockDeviceEBRPartInfoctor', ID = '693'
Method 'SystemVoidCosmosHALBlockDeviceEBRParsePartitionSystemBytearraySystemUInt32', ID = '694'
Method 'SystemVoidSystemThrowHelperThrowArgumentOutOfRange_IndexException', ID = '698'
Method 'SystemVoidCosmosHALBlockDeviceBlockDevicector', ID = '700'
Method 'SystemUInt64CosmosHALBlockDeviceBlockDeviceget_BlockSize', ID = '701'
Method 'CosmosHALPCIDeviceCosmosHALPCIGetDeviceClassCosmosHALClassIDCosmosHALSubclassIDCosmosHALProgramIF', ID = '702'
Method 'SystemVoidSystemCollectionsGenericList1CosmosHALBlockDevicePortsStoragePortctor', ID = '703'
Method 'SystemVoidCosmosHALPCIDeviceWriteRegister16SystemByteSystemUInt16', ID = '704'
Method 'SystemUInt32CosmosCoreMemoryBlockget_ItemSystemUInt32', ID = '706'
Method 'SystemVoidCosmosCoreMemoryBlockset_ItemSystemUInt32SystemUInt32', ID = '707'
Method 'SystemUInt32CosmosHALBlockDeviceRegistersGenericRegistersget_Capabilities', ID = '708'
Method 'SystemVoidSystemThrowHelperThrowArgumentOutOfRangeExceptionSystemExceptionArgumentSystemExceptionResource', ID = '729'
Method 'SystemVoidSystemArrayCopySystemArraySystemInt32SystemArraySystemInt32SystemInt32', ID = '731'
Method 'SystemUInt32CosmosHALBlockDeviceRegistersGenericRegistersget_ImplementedPorts', ID = '733'
Method 'SystemVoidCosmosHALBlockDeviceRegistersPortRegistersctorSystemUInt32SystemUInt32', ID = '734'
Method 'CosmosHALBlockDeviceRegistersPortTypeCosmosHALBlockDeviceAHCICheckPortTypeCosmosHALBlockDeviceRegistersPortRegisters', ID = '735'
Method 'SystemStringSystemStringPadLeftSystemInt32SystemChar', ID = '737'
Method 'SystemVoidCosmosHALBlockDeviceAHCIPortRebaseCosmosHALBlockDeviceRegistersPortRegistersSystemUInt32', ID = '738'
Method 'SystemVoidCosmosHALBlockDevicePortsSATActorCosmosHALBlockDeviceRegistersPortRegisters', ID = '739'
Method 'SystemVoidSystemCollectionsGenericList1CosmosHALBlockDevicePortsStoragePortAddCosmosHALBlockDevicePortsStoragePort', ID = '740'
Method 'SystemVoidSystemCollectionsGenericList1EnumeratorCosmosHALBlockDevicePortsStoragePortctorSystemCollectionsGenericList1CosmosHALBlockDevicePortsStoragePort', ID = '741'
Method 'SystemStringCosmosCore_PlugsSystemStringImplFormatSystemStringSystemObjectSystemObject', ID = '743'
Method 'SystemStringCosmosCore_PlugsSystemStringImplFormatSystemStringSystemObject', ID = '744'
Method 'SystemBooleanSystemCollectionsGenericList1EnumeratorCosmosHALBlockDevicePortsStoragePortMoveNextRare', ID = '745'
Method 'SystemVoidSystemCollectionsGenericList1EnumeratorCosmosHALBlockDevicePortsStoragePortDispose', ID = '749'
Method 'SystemVoidSystemCollectionsGenericList1CosmosHALKeyboardBasector', ID = '750'
Method 'SystemVoidCosmosSystemScanMapsUS_Standardctor', ID = '752'
Method 'SystemVoidSystemCollectionsGenericQueue1CosmosSystemKeyEventctor', ID = '754'
Method 'SystemCollectionsGenericIEnumerable1CosmosHALKeyboardBaseCosmosHALGlobalGetKeyboardDevices', ID = '756'
Method 'SystemVoidCosmosSystemKeyboardManagerAddKeyboardCosmosHALKeyboardBase', ID = '759'
Method 'SystemStringCosmosSystem_PlugsSystemEnumImplToString', ID = '761'
Method 'SystemConsoleColorCosmosSystemConsoleget_Background', ID = '762'
Method 'SystemVoidSystemBufferMemcpySystemBytepointerSystemBytepointerSystemInt32', ID = '766'
Method 'SystemVoidSystemCollectionsGenericList1CosmosSystemFileSystemListingDirectoryEntryctor', ID = '769'
Method 'CosmosSystemFileSystemFileSystemSystemCollectionsGenericList1CosmosSystemFileSystemFileSystemget_ItemSystemInt32', ID = '770'
Method 'CosmosSystemFileSystemListingDirectoryEntryCosmosSystemFileSystemCosmosVFSGetVolumeCosmosSystemFileSystemFileSystem', ID = '771'
Method 'SystemVoidSystemCollectionsGenericList1CosmosSystemFileSystemListingDirectoryEntryAddCosmosSystemFileSystemListingDirectoryEntry', ID = '772'
Method 'SystemInt32SystemCollectionsGenericList1CosmosSystemFileSystemFileSystemget_Count', ID = '773'
Method 'SystemVoidSystemCollectionsGenericList1CosmosHALBlockDevicePartitionctor', ID = '774'
Method 'SystemVoidSystemCollectionsGenericList1CosmosSystemFileSystemFileSystemctor', ID = '775'
Method 'SystemVoidSystemCollectionsGenericList1CosmosSystemFileSystemFileSystemFactoryctor', ID = '776'
Method 'SystemVoidCosmosSystemFileSystemFatFileSystemFactoryctor', ID = '777'
Method 'SystemVoidCosmosSystemFileSystemCosmosVFSInitializePartitions', ID = '779'
Method 'SystemInt32SystemCollectionsGenericList1CosmosHALBlockDevicePartitionget_Count', ID = '780'
Method 'SystemVoidCosmosSystemFileSystemCosmosVFSInitializeFileSystems', ID = '781'
Method 'SystemUInt32CosmosHALPITget_T0DelyNS', ID = '784'
Method 'SystemInt32SystemCollectionsGenericList1CosmosHALPITPITTimerget_Count', ID = '785'
Method 'CosmosHALPITPITTimerSystemCollectionsGenericList1CosmosHALPITPITTimerget_ItemSystemInt32', ID = '786'
Method 'SystemVoidSystemCollectionsGenericList1CosmosHALPITPITTimerRemoveAtSystemInt32', ID = '788'
Method 'SystemVoidCosmosCore_AsmDelegateImplInvoke', ID = '620'
Method 'SystemVoidCosmosCoreINTsSetIntHandlerSystemByteCosmosCoreINTsIRQDelegate', ID = '791'
Method 'SystemVoidCosmosCore_PlugsSystemEnvironmentImplCCtor', ID = '795'
Method 'SystemVoidSystemTextEncodingcctor', ID = '796'
Method 'SystemInt32SystemTextASCIIEncodingGetByteCountSystemString', ID = '803'
Method 'SystemInt32SystemTextASCIIEncodingGetBytesSystemStringSystemInt32SystemInt32SystemBytearraySystemInt32', ID = '805'
Method 'SystemVoidCosmosSystemConsoleUpdateCursor', ID = '808'
Method 'SystemVoidCosmosCore_PlugsSystemTypeImplCCtor', ID = '810'
Method 'SystemVoidCosmosCoreCosmosRuntimeTypector', ID = '813'
Method 'SystemVoidCosmosCommonStringHelpercctor', ID = '814'
Method 'SystemStringCosmosSystem_PlugsSystemUInt64ImplToString', ID = '815'
Method 'SystemStringSystemCharToStringSystemChar', ID = '816'
Method 'SystemCharCosmosCore_PlugsSystemStringImplget_CharsSystemInt32SystemCharpointer', ID = '817'
Method 'SystemChararrayCosmosCore_PlugsSystemStringImplToCharArray', ID = '819'
Method 'SystemVoidCosmosCore_PlugsSystemStringImplCtorSystemChararraySystemStringSystemInt32SystemCharpointer', ID = '820'
Method 'SystemStringSystemSRget_ArgumentOutOfRange_StartIndex', ID = '821'
Method 'SystemVoidSystemArgumentOutOfRangeExceptionctorSystemStringSystemString', ID = '822'
Method 'SystemStringSystemSRget_ArgumentOutOfRange_StartIndexLargerThanLength', ID = '823'
Method 'SystemStringSystemSRget_ArgumentOutOfRange_NegativeLength', ID = '824'
Method 'SystemStringSystemSRget_ArgumentOutOfRange_IndexLength', ID = '825'
Method 'SystemStringSystemStringInternalSubStringSystemInt32SystemInt32', ID = '826'
Method 'SystemStringSystemSRget_ArgumentOutOfRange_ActualValue', ID = '827'
Method 'SystemStringSystemSRFormatSystemStringSystemObject', ID = '828'
Method 'SystemStringSystemSRget_Arg_ParamName_Name', ID = '829'
Method 'SystemBooleanSystemStringop_EqualitySystemStringSystemString', ID = '831'
Method 'SystemStringSystemStringToLower', ID = '832'
Method 'SystemBooleanCosmosCore_PlugsSystemStringImplEqualsHelperSystemStringSystemString', ID = '833'
Method 'SystemStringCosmosSystem_PlugsSystemInt64ImplToString', ID = '834'
Method 'SystemVoidSystemNotImplementedExceptionctor', ID = '837'
Method 'SystemStringCosmosSystem_PlugsSystemByteImplToString', ID = '838'
Method 'SystemByteCosmosCore_AsmIOPortImplRead8SystemUInt16', ID = '839'
Method 'SystemVoidCosmosCore_AsmIOPortImplWrite8SystemUInt16SystemByte', ID = '840'
Method 'SystemStringCosmosSystem_PlugsSystemUInt16ImplToString', ID = '844'
Method 'SystemVoidCosmosCoreIOGroupPS2Controllerctor', ID = '845'
Method 'SystemVoidCosmosCoreIOGroupPITctor', ID = '846'
Method 'SystemVoidCosmosCoreIOGroupATActorSystemBoolean', ID = '847'
Method 'SystemVoidCosmosCoreIOGroupRTCctor', ID = '848'
Method 'SystemVoidCosmosCoreIOGroupVBEctor', ID = '849'
Method 'SystemVoidCosmosCoreIOGroupPCIctor', ID = '850'
Method 'SystemVoidCosmosCore_AsmIOPortImplWrite32SystemUInt16SystemUInt32', ID = '851'
Method 'SystemUInt32CosmosCore_AsmIOPortImplRead32SystemUInt16', ID = '852'
Method 'SystemVoidSystemCollectionsGenericList1CosmosHALPCIDeviceAddWithResizeCosmosHALPCIDevice', ID = '853'
Method 'SystemInvalidOperationExceptionSystemThrowHelperGetInvalidOperationExceptionSystemExceptionResource', ID = '856'
Method 'SystemStringCosmosCommonExtensionsToHexStringConvertToHexSystemUInt32', ID = '857'
Method 'SystemStringSystemSRget_ArgumentNull_Generic', ID = '858'
Method 'SystemVoidCosmosCore_PlugsSystemOutOfMemoryExceptionImplCtor', ID = '860'
Method 'SystemVoidCosmosHALPS2Mousecctor', ID = '861'
Method 'SystemVoidCosmosHALPS2MouseSendCommandCosmosHALPS2MouseCommandSystemNullable1SystemByte', ID = '862'
Method 'SystemBooleanCosmosHALPS2ControllerWaitForDeviceReset', ID = '863'
Method 'SystemByteCosmosHALPS2MouseTryToEnableScrollWheel', ID = '864'
Method 'SystemByteCosmosHALPS2MouseTryToEnableAdditionalButtons', ID = '865'
Method 'SystemVoidCosmosHALPS2MouseHandleMouseCosmosCoreINTsIRQContext', ID = '866'
Method 'SystemVoidCosmosHALPS2KeyboardSendCommandCosmosHALPS2KeyboardCommandSystemNullable1SystemByte', ID = '867'
Method 'SystemVoidCosmosHALPS2KeyboardHandleIRQCosmosCoreINTsIRQContext', ID = '868'
Method 'CosmosHALPCIDeviceSystemCollectionsGenericList1CosmosHALPCIDeviceget_ItemSystemInt32', ID = '872'
Method 'SystemInt32SystemCollectionsGenericList1CosmosHALPCIDeviceget_Count', ID = '873'
Method 'SystemVoidCosmosCoreIOGroupPCSpeakerctor', ID = '874'
Method 'SystemVoidCosmosHALBlockDeviceAtaPiocctor', ID = '876'
Method 'SystemStringCosmosHALBlockDeviceAtaPioToString', ID = '877'
Method 'SystemVoidCosmosHALBlockDeviceAtaPioSelectDriveSystemByte', ID = '878'
Method 'CosmosHALBlockDeviceAtaPioStatusCosmosHALBlockDeviceAtaPioSendCmdCosmosHALBlockDeviceAtaPioCmdSystemBoolean', ID = '879'
Method 'CosmosHALBlockDeviceAtaPioStatusCosmosHALBlockDeviceAtaPioSendCmdCosmosHALBlockDeviceAtaPioCmd', ID = '880'
Method 'SystemVoidCosmosCoreIOPortBaseRead16SystemUInt16array', ID = '881'
Method 'SystemStringCosmosHALBlockDeviceAtaPioGetStringSystemUInt16arraySystemInt32SystemInt32', ID = '882'
Method 'SystemVoidSystemCollectionsGenericList1CosmosHALBlockDeviceBlockDevicector', ID = '883'
Method 'SystemVoidSystemCollectionsGenericList1CosmosHALBlockDeviceBlockDevicecctor', ID = '884'
Method 'SystemVoidSystemCollectionsGenericList1CosmosHALBlockDeviceBlockDeviceEnsureCapacitySystemInt32', ID = '890'
Method 'SystemVoidCosmosHALBlockDeviceBlockDeviceCheckDataSizeSystemBytearraySystemUInt64', ID = '893'
Method 'SystemVoidCosmosHALBlockDeviceAtaPioSelectSectorSystemUInt64SystemUInt64', ID = '894'
Method 'SystemVoidCosmosCoreIOPortBaseRead8SystemBytearray', ID = '895'
Method 'SystemUInt32SystemBitConverterToUInt32SystemBytearraySystemInt32', ID = '897'
Method 'SystemVoidCosmosHALBlockDeviceMBRPartInfoctorSystemByteSystemUInt32SystemUInt32', ID = '898'
Method 'SystemVoidSystemCollectionsGenericList1CosmosHALBlockDeviceMBRPartInfoAddCosmosHALBlockDeviceMBRPartInfo', ID = '899'
Method 'SystemVoidCosmosHALBlockDeviceEBRPartInfoctorSystemByteSystemUInt32SystemUInt32', ID = '901'
Method 'SystemVoidSystemCollectionsGenericList1CosmosHALBlockDeviceEBRPartInfoAddCosmosHALBlockDeviceEBRPartInfo', ID = '902'
Method 'SystemVoidSystemCollectionsGenericList1CosmosHALBlockDeviceEBRPartInfocctor', ID = '903'
Method 'SystemVoidSystemCollectionsGenericList1CosmosHALBlockDeviceMBRPartInfocctor', ID = '909'
Method 'SystemVoidCosmosDebugKernelPlugsAsmDebuggerAsmDoSendNumberSystemInt32', ID = '915'
Method 'SystemArgumentOutOfRangeExceptionSystemThrowHelperGetArgumentOutOfRangeExceptionSystemExceptionArgumentSystemExceptionResource', ID = '916'
Method 'SystemStringCosmosHALBlockDevicePartitionToString', ID = '917'
Method 'SystemVoidCosmosHALBlockDevicePartitionReadBlockSystemUInt64SystemUInt64SystemBytearray', ID = '918'
Method 'SystemVoidCosmosCoreIOPortset_WordSystemUInt16', ID = '920'
Method 'SystemVoidSystemCollectionsGenericList1CosmosHALBlockDevicePortsStoragePortcctor', ID = '921'
Method 'SystemUInt32CosmosHALBlockDeviceRegistersPortRegistersget_SSTS', ID = '929'
Method 'SystemUInt32CosmosHALBlockDeviceRegistersPortRegistersget_SIG', ID = '930'
Method 'SystemStringSystemSRget_ArgumentOutOfRange_NeedNonNegNum', ID = '931'
Method 'SystemBooleanCosmosHALBlockDeviceAHCIStopCMDCosmosHALBlockDeviceRegistersPortRegisters', ID = '932'
Method 'SystemVoidCosmosHALBlockDevicePortsSATAPortResetCosmosHALBlockDeviceRegistersPortRegisters', ID = '933'
Method 'SystemVoidCosmosHALBlockDeviceRegistersPortRegistersset_CLBSystemUInt32', ID = '934'
Method 'SystemVoidCosmosHALBlockDeviceRegistersPortRegistersset_FBSystemUInt32', ID = '935'
Method 'SystemVoidCosmosHALBlockDeviceRegistersPortRegistersset_SERRSystemUInt32', ID = '936'
Method 'SystemVoidCosmosHALBlockDeviceRegistersPortRegistersset_ISSystemUInt32', ID = '937'
Method 'SystemVoidCosmosHALBlockDeviceRegistersPortRegistersset_IESystemUInt32', ID = '938'
Method 'SystemUInt32CosmosHALBlockDeviceRegistersPortRegistersget_CLB', ID = '939'
Method 'SystemVoidCosmosCoreMemoryBlockFillSystemByte', ID = '940'
Method 'SystemUInt32CosmosHALBlockDeviceRegistersPortRegistersget_FB', ID = '941'
Method 'CosmosHALBlockDeviceRegistersHBACommandHeaderarrayCosmosHALBlockDeviceAHCIGetCommandHeaderCosmosHALBlockDeviceRegistersPortRegisters', ID = '942'
Method 'SystemBooleanCosmosHALBlockDeviceAHCIStartCMDCosmosHALBlockDeviceRegistersPortRegisters', ID = '943'
Method 'SystemVoidCosmosHALBlockDevicePortsStoragePortctor', ID = '945'
Method 'SystemUInt32CosmosHALBlockDeviceRegistersPortRegistersget_CMD', ID = '946'
Method 'SystemVoidCosmosCoreMemoryGroupAHCIctorSystemUInt32', ID = '947'
Method 'SystemVoidCosmosHALBlockDevicePortsSATASendSATA28CommandCosmosHALBlockDeviceRegistersATACommandsSystemUInt32SystemUInt32', ID = '948'
Method 'SystemVoidCosmosCoreMemoryBlockRead16SystemUInt16array', ID = '950'
Method 'SystemStringCosmosHALBlockDevicePortsSATAGetStringSystemUInt16arraySystemInt32SystemInt32', ID = '951'
Method 'SystemVoidSystemCollectionsGenericList1CosmosHALBlockDevicePortsStoragePortAddWithResizeCosmosHALBlockDevicePortsStoragePort', ID = '952'
Method 'SystemStringCosmosCore_PlugsSystemStringImplFormatHelperSystemIFormatProviderSystemStringSystemObjectarray', ID = '953'
Method 'SystemVoidSystemThrowHelperThrowInvalidOperationException_InvalidOperation_EnumFailedVersion', ID = '954'
Method 'SystemVoidCosmosSystemScanMapBasector', ID = '958'
Method 'CosmosSystemKeyEventarraySystemArrayEmptyCosmosSystemKeyEvent', ID = '960'
Method 'SystemVoidSystemCollectionsGenericList1CosmosHALKeyboardBaseAddCosmosHALKeyboardBase', ID = '962'
Method 'SystemCollectionsGenericIEnumerator1CosmosHALKeyboardBaseSystemCollectionsGenericList1CosmosHALKeyboardBaseSystemCollectionsGenericIEnumerableTGetEnumerator', ID = '964'
Method 'SystemVoidCosmosSystemKeyboardManagerHandleScanCodeSystemByteSystemBoolean', ID = '965'
Method 'SystemVoidCosmosCore_AsmDelegateImplCtorSystemObjectSystemIntPtr', ID = '790'
Method 'SystemVoidCosmosCore_PlugsSystemStringImplcctor', ID = '969'
Method 'SystemVoidSystemCharcctor', ID = '970'
Method 'SystemVoidSystemBufferMemmoveSystemBytepointerSystemBytepointerSystemUInt32', ID = '974'
Method 'SystemVoidSystemCollectionsGenericList1CosmosSystemFileSystemListingDirectoryEntryAddWithResizeCosmosSystemFileSystemListingDirectoryEntry', ID = '978'
Method 'SystemVoidCosmosSystemFileSystemFileSystemFactoryctor', ID = '985'
Method 'SystemVoidCosmosSystemFileSystemCosmosVFSRegisterFileSystemCosmosSystemFileSystemFileSystemFactory', ID = '987'
Method 'CosmosHALBlockDeviceBlockDeviceSystemCollectionsGenericList1CosmosHALBlockDeviceBlockDeviceget_ItemSystemInt32', ID = '988'
Method 'SystemVoidSystemCollectionsGenericList1CosmosHALBlockDevicePartitionAddCosmosHALBlockDevicePartition', ID = '989'
Method 'SystemInt32SystemCollectionsGenericList1CosmosHALBlockDeviceBlockDeviceget_Count', ID = '990'
Method 'CosmosHALBlockDevicePartitionSystemCollectionsGenericList1CosmosHALBlockDevicePartitionget_ItemSystemInt32', ID = '991'
Method 'SystemUInt64CosmosHALBlockDeviceBlockDeviceget_BlockCount', ID = '992'
Method 'SystemCharCosmosSystemFileSystemVFSVFSBaseget_VolumeSeparatorChar', ID = '993'
Method 'SystemCharCosmosSystemFileSystemVFSVFSBaseget_DirectorySeparatorChar', ID = '994'
Method 'SystemCollectionsGenericList1EnumeratorCosmosSystemFileSystemFileSystemFactorySystemCollectionsGenericList1CosmosSystemFileSystemFileSystemFactoryGetEnumerator', ID = '995'
Method 'CosmosSystemFileSystemFileSystemFactorySystemCollectionsGenericList1EnumeratorCosmosSystemFileSystemFileSystemFactoryget_Current', ID = '996'
Method 'SystemVoidSystemCollectionsGenericList1CosmosSystemFileSystemFileSystemAddCosmosSystemFileSystemFileSystem', ID = '999'
Method 'SystemBooleanSystemCollectionsGenericList1EnumeratorCosmosSystemFileSystemFileSystemFactoryMoveNext', ID = '1000'
Method 'SystemStringCosmosSystemFileSystemFileSystemget_RootPath', ID = '1002'
Method 'SystemVoidSystemCollectionsGenericList1CosmosHALPITPITTimercctor', ID = '1005'
Method 'SystemVoidCosmosHALPITPITTimerDispose', ID = '1011'
Method 'SystemVoidSystemTextASCIIEncodingcctor', ID = '1014'
Method 'SystemVoidSystemTextUTF8EncodingUTF8EncodingSealedctorSystemBoolean', ID = '1016'
Method 'SystemInt32SystemTextEncodingGetByteCountSystemCharpointerSystemInt32SystemTextEncoderNLS', ID = '1019'
Method 'SystemInt32SystemTextASCIIEncodingGetByteCountSystemChararraySystemInt32SystemInt32', ID = '1020'
Method 'SystemStringSystemSRget_ArgumentNull_Array', ID = '1021'
Method 'SystemStringSystemSRget_ArgumentOutOfRange_IndexCount', ID = '1022'
Method 'SystemStringSystemSRget_ArgumentOutOfRange_Index', ID = '1023'
Method 'SystemInt32SystemTextEncodingGetBytesSystemCharpointerSystemInt32SystemBytepointerSystemInt32SystemTextEncoderNLS', ID = '1024'
Method 'SystemInt32SystemTextASCIIEncodingGetBytesSystemChararraySystemInt32SystemInt32SystemBytearraySystemInt32', ID = '1025'
Method 'SystemVoidCosmosHALTextScreenScrollUp', ID = '1026'
Method 'SystemVoidCosmosHALTextScreenset_ItemSystemInt32SystemInt32SystemByte', ID = '1028'
Method 'SystemStringCosmosCoreCosmosRuntimeTypeget_Name', ID = '1030'
Method 'SystemVoidSystemTypector', ID = '1031'
Method 'SystemStringCosmosCommonStringHelperGetNumberStringSystemUInt64', ID = '1037'
Method 'SystemStringSystemStringCreateFromCharSystemChar', ID = '1038'
Method 'SystemBooleanSystemSRUsingResourceKeys', ID = '1044'
Method 'SystemStringSystemStringJoinSystemStringSystemObjectarray', ID = '1045'
Method 'SystemBooleanSystemStringEqualsSystemStringSystemString', ID = '1046'
Method 'SystemStringCosmosCommonStringHelperGetNumberStringSystemInt64', ID = '1052'
Method 'SystemStringSystemSRget_Arg_NotImplementedException', ID = '1053'
Method 'SystemVoidCosmosCoreIOPortReadctorSystemUInt16', ID = '1058'
Method 'SystemVoidCosmosCoreIOPortWritectorSystemUInt16', ID = '1059'
Method 'SystemUInt16CosmosCoreIOGroupATAGetBAR0SystemBoolean', ID = '1060'
Method 'SystemUInt16CosmosCoreIOGroupATAGetBAR1SystemBoolean', ID = '1061'
Method 'SystemVoidCosmosCoreIOPortWritectorSystemUInt16SystemUInt16', ID = '1062'
Method 'SystemVoidCosmosCoreIOPortctorSystemUInt16SystemUInt16', ID = '1063'
Method 'SystemVoidCosmosCoreIOPortReadctorSystemUInt16SystemUInt16', ID = '1064'
Method 'SystemVoidSystemCollectionsGenericList1CosmosHALPCIDeviceEnsureCapacitySystemInt32', ID = '1067'
Method 'SystemStringSystemThrowHelperGetResourceStringSystemExceptionResource', ID = '1068'
Method 'SystemCharCosmosCommonExtensionsToHexStringDigitToHexCharSystemByte', ID = '1069'
Method 'SystemByteCosmosHALPS2Mouseget_PS2Port', ID = '1073'
Method 'SystemVoidCosmosHALPS2ControllerPrepareSecondPortWrite', ID = '1074'
Method 'SystemByteCosmosHALPS2ControllerReadByteAfterAck', ID = '1075'
Method 'SystemBooleanCosmosHALPS2Mouseget_HasScrollWheel', ID = '1076'
Method 'SystemVoidCosmosCore_AsmDelegateImplInvoke', ID = '620'
Method 'SystemByteCosmosHALPS2Keyboardget_PS2Port', ID = '1079'
Method 'SystemVoidCosmosCore_AsmDelegateImplInvoke', ID = '620'
Method 'SystemVoidCosmosHALPS2KeyboardUpdateLeds', ID = '1081'
Method 'SystemVoidCosmosHALBlockDeviceAtaPioWait', ID = '1084'
Method 'SystemVoidCosmosHALBlockDeviceAtaPioDebugSystemString', ID = '1087'
Method 'SystemVoidCosmosHALBlockDeviceAtaPioDebugHexSystemStringSystemUInt32', ID = '1088'
Method 'SystemVoidSystemCollectionsGenericList1CosmosHALBlockDeviceBlockDeviceset_CapacitySystemInt32', ID = '1092'
Method 'SystemVoidCosmosHALBlockDeviceBlockDeviceCheckBlockNoSystemUInt64SystemUInt64', ID = '1093'
Method 'SystemVoidCosmosCoreIOPortWriteset_WordSystemUInt16', ID = '1094'
Method 'SystemInt32SystemBitConverterReadInt32SystemBytearraySystemInt32', ID = '1095'
Method 'SystemVoidSystemCollectionsGenericList1CosmosHALBlockDeviceMBRPartInfoAddWithResizeCosmosHALBlockDeviceMBRPartInfo', ID = '1096'
Method 'SystemVoidSystemCollectionsGenericList1CosmosHALBlockDeviceEBRPartInfoAddWithResizeCosmosHALBlockDeviceEBRPartInfo', ID = '1098'
Method 'SystemStringSystemThrowHelperGetArgumentNameSystemExceptionArgument', ID = '1099'
Method 'SystemVoidCosmosCore_AsmArrayImplCopySystemArraySystemInt32SystemArraySystemInt32SystemInt32SystemBoolean', ID = '1101'
Method 'SystemVoidCosmosHALBlockDeviceRegistersPortRegistersset_CMDSystemUInt32', ID = '1102'
Method 'SystemVoidCosmosHALBlockDeviceAHCIWaitSystemInt32', ID = '1103'
Method 'SystemUInt32CosmosHALBlockDeviceRegistersPortRegistersget_CI', ID = '1104'
Method 'SystemUInt32CosmosHALBlockDeviceRegistersPortRegistersget_TFD', ID = '1105'
Method 'SystemVoidCosmosHALBlockDeviceAHCIHBAReset', ID = '1106'
Method 'SystemVoidCosmosHALBlockDeviceRegistersPortRegistersset_SCTLSystemUInt32', ID = '1107'
Method 'SystemUInt32CosmosHALBlockDeviceRegistersPortRegistersget_SCTL', ID = '1108'
Method 'SystemVoidCosmosCoreMemoryBlockFillSystemUInt32SystemUInt32SystemByte', ID = '1109'
Method 'SystemVoidCosmosHALBlockDeviceRegistersHBACommandHeaderctorSystemUInt32SystemUInt32', ID = '1112'
Method 'SystemVoidCosmosHALBlockDeviceRegistersHBACommandHeaderset_PRDTLSystemUInt16', ID = '1113'
Method 'SystemVoidCosmosHALBlockDeviceRegistersHBACommandHeaderset_CTBASystemUInt32', ID = '1114'
Method 'SystemVoidCosmosHALBlockDeviceRegistersHBACommandHeaderset_CTBAUSystemUInt32', ID = '1115'
Method 'SystemUInt32CosmosHALBlockDeviceRegistersHBACommandHeaderget_CTBA', ID = '1116'
Method 'SystemVoidCosmosHALBlockDevicePortsSATAcctor', ID = '1117'
Method 'SystemVoidCosmosHALBlockDevicePortsSATAReadBlockSystemUInt64SystemUInt64SystemBytearray', ID = '1118'
Method 'CosmosHALBlockDeviceRegistersPortTypeCosmosHALBlockDevicePortsSATAget_mPortType', ID = '1119'
Method 'SystemStringCosmosHALBlockDevicePortsSATAget_mPortName', ID = '1120'
Method 'SystemUInt32CosmosHALBlockDevicePortsSATAget_mPortNumber', ID = '1121'
Method 'SystemInt32CosmosHALBlockDevicePortsSATAFindCMDSlot', ID = '1123'
Method 'SystemVoidCosmosHALBlockDeviceRegistersHBACommandHeaderset_CFLSystemByte', ID = '1124'
Method 'SystemVoidCosmosHALBlockDeviceRegistersHBACommandHeaderset_WriteSystemByte', ID = '1125'
Method 'SystemUInt16CosmosHALBlockDeviceRegistersHBACommandHeaderget_PRDTL', ID = '1126'
Method 'SystemVoidCosmosHALBlockDeviceRegistersHBACommandTablectorSystemUInt32SystemUInt32', ID = '1127'
Method 'SystemVoidCosmosHALBlockDeviceRegistersHBAPRDTEntryset_DBASystemUInt32', ID = '1129'
Method 'SystemVoidCosmosHALBlockDeviceRegistersHBAPRDTEntryset_DBCSystemUInt32', ID = '1130'
Method 'SystemVoidCosmosHALBlockDeviceRegistersHBAPRDTEntryset_InterruptOnCompletionSystemByte', ID = '1131'
Method 'SystemUInt32CosmosHALBlockDeviceRegistersHBACommandTableget_CFIS', ID = '1132'
Method 'SystemVoidCosmosHALBlockDeviceRegistersFISRegisterH2DctorSystemUInt32', ID = '1133'
Method 'SystemVoidCosmosHALBlockDeviceRegistersFISRegisterH2Dset_FISTypeSystemByte', ID = '1134'
Method 'SystemVoidCosmosHALBlockDeviceRegistersFISRegisterH2Dset_IsCommandSystemByte', ID = '1135'
Method 'SystemVoidCosmosHALBlockDeviceRegistersFISRegisterH2Dset_CommandSystemByte', ID = '1136'
Method 'SystemVoidCosmosHALBlockDeviceRegistersFISRegisterH2Dset_DeviceSystemByte', ID = '1137'
Method 'SystemVoidCosmosHALBlockDeviceRegistersFISRegisterH2Dset_LBA0SystemByte', ID = '1138'
Method 'SystemVoidCosmosHALBlockDeviceRegistersFISRegisterH2Dset_LBA1SystemByte', ID = '1139'
Method 'SystemVoidCosmosHALBlockDeviceRegistersFISRegisterH2Dset_LBA2SystemByte', ID = '1140'
Method 'SystemVoidCosmosHALBlockDeviceRegistersFISRegisterH2Dset_CountLSystemByte', ID = '1141'
Method 'SystemVoidCosmosHALBlockDeviceRegistersPortRegistersset_CISystemUInt32', ID = '1143'
Method 'SystemUInt32CosmosHALBlockDeviceRegistersPortRegistersget_IS', ID = '1144'
Method 'SystemVoidSystemCollectionsGenericList1CosmosHALBlockDevicePortsStoragePortEnsureCapacitySystemInt32', ID = '1145'
Method 'SystemVoidSystemFormatExceptionctorSystemString', ID = '1147'
Method 'SystemInt32CosmosCommonStringHelperGetStringToNumberSystemString', ID = '1148'
Method 'SystemBooleanSystemCharIsDigitSystemChar', ID = '1149'
Method 'SystemVoidSystemCollectionsGenericList1CosmosHALKeyboardBasecctor', ID = '1150'
Method 'SystemVoidSystemCollectionsGenericList1CosmosHALKeyboardBaseAddWithResizeCosmosHALKeyboardBase', ID = '1162'
Method 'SystemVoidSystemCollectionsGenericList1EnumeratorCosmosHALKeyboardBasectorSystemCollectionsGenericList1CosmosHALKeyboardBase', ID = '1163'
Method 'SystemBooleanCosmosSystemScanMapBaseScanCodeMatchesKeySystemByteCosmosSystemConsoleKeyEx', ID = '1165'
Method 'SystemBooleanCosmosSystemKeyboardManagerget_CapsLock', ID = '1166'
Method 'SystemVoidCosmosSystemKeyboardManagerUpdateLeds', ID = '1167'
Method 'SystemBooleanCosmosSystemKeyboardManagerget_NumLock', ID = '1168'
Method 'SystemBooleanCosmosSystemKeyboardManagerget_ScrollLock', ID = '1169'
Method 'SystemVoidCosmosSystemKeyboardManagerset_ControlPressedSystemBoolean', ID = '1170'
Method 'SystemVoidCosmosSystemKeyboardManagerset_ShiftPressedSystemBoolean', ID = '1171'
Method 'SystemVoidCosmosSystemKeyboardManagerset_AltPressedSystemBoolean', ID = '1172'
Method 'SystemBooleanCosmosSystemKeyboardManagerget_ControlPressed', ID = '1173'
Method 'SystemBooleanCosmosSystemKeyboardManagerget_AltPressed', ID = '1174'
Method 'SystemVoidCosmosSystemPowerReboot', ID = '1175'
Method 'SystemBooleanCosmosSystemKeyboardManagerGetKeySystemByteCosmosSystemKeyEvent', ID = '1176'
Method 'SystemVoidCosmosSystemKeyboardManagerEnqueueCosmosSystemKeyEvent', ID = '1177'
Method 'SystemByteCosmosHALTextScreenGetColor', ID = '1179'
Method 'SystemVoidCosmosCore_AsmRuntimeHelpersImplInitializeArraySystemArraySystemRuntimeFieldHandle', ID = '1183'
Method 'SystemVoidSystemBuffer_MemmoveSystemBytepointerSystemBytepointerSystemUInt32', ID = '1187'
Method 'SystemVoidSystemCollectionsGenericList1CosmosSystemFileSystemFileSystemcctor', ID = '1188'
Method 'SystemVoidSystemCollectionsGenericList1CosmosSystemFileSystemListingDirectoryEntryEnsureCapacitySystemInt32', ID = '1194'
Method 'SystemVoidSystemCollectionsGenericList1CosmosHALBlockDevicePartitioncctor', ID = '1195'
Method 'SystemVoidSystemCollectionsGenericList1CosmosSystemFileSystemFileSystemFactorycctor', ID = '1201'
Method 'SystemVoidSystemCollectionsGenericList1CosmosSystemFileSystemFileSystemFactoryAddCosmosSystemFileSystemFileSystemFactory', ID = '1207'
Method 'SystemVoidSystemCollectionsGenericList1CosmosHALBlockDevicePartitionAddWithResizeCosmosHALBlockDevicePartition', ID = '1208'
Method 'SystemVoidSystemCollectionsGenericList1EnumeratorCosmosSystemFileSystemFileSystemFactoryctorSystemCollectionsGenericList1CosmosSystemFileSystemFileSystemFactory', ID = '1209'
Method 'SystemBooleanCosmosSystemFileSystemFatFileSystemFactoryIsTypeCosmosHALBlockDevicePartition', ID = '1210'
Method 'CosmosSystemFileSystemFileSystemCosmosSystemFileSystemFatFileSystemFactoryCreateCosmosHALBlockDevicePartitionSystemStringSystemInt64', ID = '1211'
Method 'SystemVoidSystemCollectionsGenericList1CosmosSystemFileSystemFileSystemAddWithResizeCosmosSystemFileSystemFileSystem', ID = '1212'
Method 'SystemBooleanSystemCollectionsGenericList1EnumeratorCosmosSystemFileSystemFileSystemFactoryMoveNextRare', ID = '1213'
Method 'SystemVoidSystemCollectionsGenericList1EnumeratorCosmosSystemFileSystemFileSystemFactoryDispose', ID = '1214'
Method 'SystemVoidCosmosSystem_PlugsSystemIODirectoryImplSetCurrentDirectorySystemString', ID = '1217'
Method 'SystemVoidCosmosHALPITUnregisterTimerSystemInt32', ID = '1218'
Method 'SystemBooleanCosmosCore_PlugsSystemRuntimeCompilerServicesRuntimeHelpersImplIsReferenceOrContainsReferences', ID = '1220'
Method 'SystemVoidSystemTextASCIIEncodingASCIIEncodingSealedctor', ID = '1221'
Method 'SystemVoidSystemTextUTF8EncodingctorSystemBoolean', ID = '1223'
Method 'SystemInt32CosmosSystem_PlugsSystemRuntimeRuntimeHelpersImplget_OffsetToStringData', ID = '1224'
Method 'SystemInt32SystemTextASCIIEncodingGetByteCountSystemCharpointerSystemInt32SystemTextEncoderNLS', ID = '1226'
Method 'SystemInt32SystemTextUTF8EncodingGetByteCountSystemCharpointerSystemInt32SystemTextEncoderNLS', ID = '1227'
Method 'SystemInt32SystemTextEncodingGetByteCountSystemCharpointerSystemInt32', ID = '1228'
Method 'SystemStringSystemSRget_ArgumentOutOfRange_IndexCountBuffer', ID = '1229'
Method 'SystemInt32SystemTextASCIIEncodingGetBytesSystemCharpointerSystemInt32SystemBytepointerSystemInt32SystemTextEncoderNLS', ID = '1230'
Method 'SystemInt32SystemTextUTF8EncodingGetBytesSystemCharpointerSystemInt32SystemBytepointerSystemInt32SystemTextEncoderNLS', ID = '1231'
Method 'SystemInt32SystemTextEncodingGetBytesSystemCharpointerSystemInt32SystemBytepointerSystemInt32', ID = '1232'
Method 'SystemVoidCosmosCoreMemoryBlockMoveDownSystemUInt32SystemUInt32SystemUInt32', ID = '1233'
Method 'SystemVoidCosmosCoreMemoryBlockFillSystemUInt32SystemUInt32SystemUInt16', ID = '1234'
Method 'SystemVoidCosmosHALTextScreenSetCursorPosSystemInt32SystemInt32', ID = '1235'
Method 'SystemVoidCosmosCoreMemoryBlock08set_ItemSystemUInt32SystemByte', ID = '1236'
Method 'SystemVoidCosmosCore_PlugsSystemTypeImplcctor', ID = '1237'
Method 'SystemVoidSystemReflectionMemberInfoctor', ID = '1238'
Method 'SystemVoidSystemGuidcctor', ID = '1239'
Method 'SystemStringSystemGuidToString', ID = '1240'
Method 'SystemStringSystemStringJoinCoreSystemCharpointerSystemInt32SystemObjectarray', ID = '1243'
Method 'SystemGlobalizationCultureInfoCosmosCore_PlugsSystemGlobalizationCultureInfoImplget_CurrentCulture', ID = '1246'
Method 'SystemStringCosmosCore_PlugsSystemStringImplToLowerSystemGlobalizationCultureInfo', ID = '1247'
Method 'SystemInt32CosmosCore_PlugsSystemStringImplCompareToSystemString', ID = '1248'
Method 'SystemVoidCosmosCoreIOPortBasectorSystemUInt16SystemUInt16', ID = '1249'
Method 'SystemVoidSystemCollectionsGenericList1CosmosHALPCIDeviceset_CapacitySystemInt32', ID = '1250'
Method 'SystemStringSystemSRGetResourceStringSystemString', ID = '1251'
Method 'SystemUInt16CosmosCore_AsmIOPortImplRead16SystemUInt16', ID = '1258'
Method 'SystemVoidSystemThrowHelperThrowArgumentNullExceptionSystemExceptionArgument', ID = '1259'
Method 'SystemVoidSystemThrowHelperThrowArgumentExceptionSystemExceptionResourceSystemExceptionArgument', ID = '1260'
Method 'SystemInt32SystemRuntimeCompilerServicesUnsafeReadUnalignedSystemInt32SystemByte', ID = '1261'
Method 'SystemVoidSystemCollectionsGenericList1CosmosHALBlockDeviceMBRPartInfoEnsureCapacitySystemInt32', ID = '1262'
Method 'SystemVoidSystemCollectionsGenericList1CosmosHALBlockDeviceEBRPartInfoEnsureCapacitySystemInt32', ID = '1263'
Method 'SystemVoidCosmosCore_AsmIOPortImplWrite16SystemUInt16SystemUInt16', ID = '1264'
Method 'SystemVoidCosmosCoreMemoryOperationsFillSystemBytepointerSystemByteSystemInt32', ID = '1266'
Method 'SystemVoidCosmosCoreMemoryBlock16set_ItemSystemUInt32SystemUInt16', ID = '1272'
Method 'SystemVoidCosmosHALBlockDevicePortsSATASendSATA48CommandCosmosHALBlockDeviceRegistersATACommandsSystemUInt64SystemUInt32', ID = '1273'
Method 'SystemVoidCosmosCoreMemoryBlockRead8SystemBytearray', ID = '1274'
Method 'SystemUInt32CosmosHALBlockDeviceRegistersPortRegistersget_SACT', ID = '1275'
Method 'SystemByteCosmosCoreMemoryBlock08get_ItemSystemUInt32', ID = '1276'
Method 'SystemUInt16CosmosCoreMemoryBlock16get_ItemSystemUInt32', ID = '1277'
Method 'SystemVoidCosmosHALBlockDeviceRegistersHBAPRDTEntryctorSystemUInt32SystemUInt32', ID = '1279'
Method 'SystemBooleanSystemStringIsNullOrWhiteSpaceSystemString', ID = '1282'
Method 'SystemBooleanSystemCharIsLatin1SystemChar', ID = '1283'
Method 'SystemGlobalizationUnicodeCategorySystemGlobalizationCharUnicodeInfoGetUnicodeCategorySystemChar', ID = '1284'
Method 'SystemVoidCosmosSystemScanMapsUS_StandardInitKeys', ID = '1285'
Method 'SystemVoidSystemArrayEmptyArray1CosmosSystemKeyEventcctor', ID = '1289'
Method 'SystemVoidSystemCollectionsGenericList1CosmosHALKeyboardBaseEnsureCapacitySystemInt32', ID = '1290'
Method 'SystemVoidSystemCollectionsGenericList1EnumeratorCosmosHALKeyboardBaseDispose', ID = '1291'
Method 'CosmosHALKeyboardBaseSystemCollectionsGenericList1EnumeratorCosmosHALKeyboardBaseget_Current', ID = '1292'
Method 'SystemBooleanSystemCollectionsGenericList1EnumeratorCosmosHALKeyboardBaseMoveNext', ID = '1293'
Method 'CosmosSystemKeyMappingSystemCollectionsGenericList1CosmosSystemKeyMappingget_ItemSystemInt32', ID = '1295'
Method 'SystemInt32SystemCollectionsGenericList1CosmosSystemKeyMappingget_Count', ID = '1297'
Method 'SystemCollectionsGenericList1EnumeratorCosmosHALKeyboardBaseSystemCollectionsGenericList1CosmosHALKeyboardBaseGetEnumerator', ID = '1298'
Method 'SystemVoidCosmosHALPowerCPUReboot', ID = '1303'
Method 'SystemBooleanCosmosSystemKeyboardManagerget_ShiftPressed', ID = '1305'
Method 'CosmosSystemKeyEventCosmosSystemScanMapBaseConvertScanCodeSystemByteSystemBooleanSystemBooleanSystemBooleanSystemBooleanSystemBooleanSystemBoolean', ID = '1306'
Method 'SystemVoidSystemCollectionsGenericQueue1CosmosSystemKeyEventEnqueueCosmosSystemKeyEvent', ID = '1308'
Method 'SystemVoidSystemCollectionsGenericList1CosmosSystemFileSystemListingDirectoryEntryset_CapacitySystemInt32', ID = '1312'
Method 'SystemVoidSystemCollectionsGenericList1CosmosSystemFileSystemFileSystemFactoryAddWithResizeCosmosSystemFileSystemFileSystemFactory', ID = '1313'
Method 'SystemVoidSystemCollectionsGenericList1CosmosHALBlockDevicePartitionEnsureCapacitySystemInt32', ID = '1314'
Method 'SystemBytearrayCosmosHALBlockDeviceBlockDeviceNewBlockArraySystemUInt32', ID = '1315'
Method 'SystemUInt16SystemBitConverterToUInt16SystemBytearraySystemInt32', ID = '1316'
Method 'SystemVoidCosmosSystemFileSystemFATFatFileSystemctorCosmosHALBlockDevicePartitionSystemStringSystemInt64', ID = '1317'
Method 'SystemVoidSystemCollectionsGenericList1CosmosSystemFileSystemFileSystemEnsureCapacitySystemInt32', ID = '1318'
Method 'SystemVoidSystemTextASCIIEncodingctor', ID = '1323'
Method 'SystemInt32SystemTextUTF8EncodingGetByteCountSystemString', ID = '1325'
Method 'SystemInt32SystemTextUTF8EncodingGetBytesSystemStringSystemInt32SystemInt32SystemBytearraySystemInt32', ID = '1326'
Method 'SystemInt32SystemTextUTF8EncodingGetByteCountSystemChararraySystemInt32SystemInt32', ID = '1327'
Method 'SystemInt32SystemTextUTF8EncodingGetBytesSystemChararraySystemInt32SystemInt32SystemBytearraySystemInt32', ID = '1328'
Method 'SystemVoidSystemTextUTF8EncodingctorSystemBooleanSystemBoolean', ID = '1329'
Method 'SystemTextEncoderFallbackSystemTextEncoderget_Fallback', ID = '1332'
Method 'SystemBooleanSystemTextEncoderget_InternalHasFallbackBuffer', ID = '1334'
Method 'SystemTextEncoderFallbackBufferSystemTextEncoderget_FallbackBuffer', ID = '1335'
Method 'SystemStringSystemSRget_Argument_EncoderFallbackNotEmpty', ID = '1337'
Method 'SystemStringSystemTextEncodingget_EncodingName', ID = '1338'
Method 'SystemStringSystemSRFormatSystemStringSystemObjectSystemObject', ID = '1339'
Method 'SystemVoidSystemArgumentExceptionctorSystemString', ID = '1340'
Method 'SystemVoidSystemTextEncoderFallbackBufferInternalInitializeSystemCharpointerSystemCharpointerSystemTextEncoderNLSSystemBoolean', ID = '1341'
Method 'SystemTextEncoderFallbackSystemTextEncodingget_EncoderFallback', ID = '1342'
Method 'SystemBooleanSystemTextEncoderFallbackBufferInternalFallbackSystemCharSystemCharpointer', ID = '1344'
Method 'SystemCharSystemTextEncoderFallbackBufferInternalGetNextChar', ID = '1346'
Method 'SystemBooleanSystemTextUTF8EncodingInRangeSystemInt32SystemInt32SystemInt32', ID = '1349'
Method 'SystemBooleanSystemTextEncoderNLSget_MustFlush', ID = '1350'
Method 'SystemInt32SystemTextUTF8EncodingPtrDiffSystemCharpointerSystemCharpointer', ID = '1351'
Method 'SystemInt32SystemTextASCIIEncodingGetByteCountSystemCharpointerSystemInt32', ID = '1352'
Method 'SystemInt32SystemTextUTF8EncodingGetByteCountSystemCharpointerSystemInt32', ID = '1353'
Method 'SystemStringSystemTextEncoderReplacementFallbackget_DefaultString', ID = '1354'
Method 'SystemVoidSystemTextEncodingThrowBytesOverflowSystemTextEncoderNLSSystemBoolean', ID = '1355'
Method 'SystemInt32SystemTextUTF8EncodingPtrDiffSystemBytepointerSystemBytepointer', ID = '1357'
Method 'SystemInt32SystemTextASCIIEncodingGetBytesSystemCharpointerSystemInt32SystemBytepointerSystemInt32', ID = '1358'
Method 'SystemInt32SystemTextUTF8EncodingGetBytesSystemCharpointerSystemInt32SystemBytepointerSystemInt32', ID = '1359'
Method 'SystemVoidCosmosCoreMemoryOperationsFillSystemUInt16pointerSystemUInt16SystemInt32', ID = '1361'
Method 'SystemStringSystemGuidToStringSystemStringSystemIFormatProvider', ID = '1363'
Method 'SystemTextStringBuilderSystemTextStringBuilderCacheAcquireSystemInt32', ID = '1364'
Method 'SystemTextStringBuilderSystemTextStringBuilderAppendSystemString', ID = '1365'
Method 'SystemTextStringBuilderSystemTextStringBuilderAppendSystemCharpointerSystemInt32', ID = '1366'
Method 'SystemStringSystemTextStringBuilderCacheGetStringAndReleaseSystemTextStringBuilder', ID = '1367'
Method 'SystemStringSystemGlobalizationCultureInfoToString', ID = '1369'
Method 'SystemStringCosmosCore_PlugsSystemStringImplChangeCasingSystemStringSystemInt32SystemInt32SystemInt32', ID = '1371'
Method 'SystemArgumentNullExceptionSystemThrowHelperGetArgumentNullExceptionSystemExceptionArgument', ID = '1372'
Method 'SystemArgumentExceptionSystemThrowHelperGetArgumentExceptionSystemExceptionResourceSystemExceptionArgument', ID = '1373'
Method 'SystemVoidSystemCollectionsGenericList1CosmosHALBlockDeviceMBRPartInfoset_CapacitySystemInt32', ID = '1375'
Method 'SystemVoidSystemCollectionsGenericList1CosmosHALBlockDeviceEBRPartInfoset_CapacitySystemInt32', ID = '1376'
Method 'SystemVoidCosmosHALBlockDeviceRegistersFISRegisterH2Dset_LBA3SystemByte', ID = '1379'
Method 'SystemVoidCosmosHALBlockDeviceRegistersFISRegisterH2Dset_LBA4SystemByte', ID = '1380'
Method 'SystemVoidCosmosHALBlockDeviceRegistersFISRegisterH2Dset_LBA5SystemByte', ID = '1381'
Method 'SystemVoidCosmosHALBlockDeviceRegistersFISRegisterH2Dset_CountHSystemByte', ID = '1382'
Method 'SystemBooleanSystemCharIsWhiteSpaceSystemChar', ID = '1383'
Method 'SystemGlobalizationUnicodeCategorySystemGlobalizationCharUnicodeInfoInternalGetUnicodeCategorySystemInt32', ID = '1386'
Method 'SystemVoidSystemCollectionsGenericList1CosmosSystemKeyMappingctorSystemInt32', ID = '1387'
Method 'SystemVoidCosmosSystemKeyMappingctorSystemByteCosmosSystemConsoleKeyEx', ID = '1388'
Method 'SystemVoidSystemCollectionsGenericList1CosmosSystemKeyMappingAddCosmosSystemKeyMapping', ID = '1389'
Method 'SystemVoidCosmosSystemKeyMappingctorSystemByteSystemCharSystemCharSystemCharSystemCharSystemCharSystemCharCosmosSystemConsoleKeyEx', ID = '1390'
Method 'SystemVoidCosmosSystemKeyMappingctorSystemByteSystemCharCosmosSystemConsoleKeyEx', ID = '1391'
Method 'SystemVoidCosmosSystemKeyMappingctorSystemByteSystemCharSystemCharSystemCharSystemCharSystemCharSystemCharCosmosSystemConsoleKeyExCosmosSystemConsoleKeyEx', ID = '1392'
Method 'SystemVoidSystemCollectionsGenericList1CosmosHALKeyboardBaseset_CapacitySystemInt32', ID = '1393'
Method 'SystemBooleanSystemCollectionsGenericList1EnumeratorCosmosHALKeyboardBaseMoveNextRare', ID = '1394'
Method 'CosmosCoreCPUCosmosCoreGlobalget_CPU', ID = '1397'
Method 'SystemVoidCosmosCoreCPUReboot', ID = '1398'
Method 'SystemVoidCosmosSystemKeyEventctor', ID = '1399'
Method 'SystemConsoleModifiersCosmosSystemKeyEventget_Modifiers', ID = '1400'
Method 'SystemVoidCosmosSystemKeyEventset_ModifiersSystemConsoleModifiers', ID = '1401'
Method 'SystemVoidCosmosSystemKeyEventset_TypeCosmosSystemKeyEventKeyEventType', ID = '1402'
Method 'SystemVoidCosmosSystemKeyEventset_KeyCharSystemChar', ID = '1403'
Method 'SystemVoidCosmosSystemKeyEventset_KeyCosmosSystemConsoleKeyEx', ID = '1404'
Method 'SystemVoidSystemCollectionsGenericQueue1CosmosSystemKeyEventSetCapacitySystemInt32', ID = '1405'
Method 'SystemVoidSystemCollectionsGenericQueue1CosmosSystemKeyEventMoveNextSystemInt32', ID = '1406'
Method 'SystemVoidCosmosCore_PlugsSystemBufferImpl__MemmoveSystemBytepointerSystemBytepointerSystemUInt32', ID = '1408'
Method 'SystemVoidSystemCollectionsGenericList1CosmosSystemFileSystemFileSystemFactoryEnsureCapacitySystemInt32', ID = '1409'
Method 'SystemVoidSystemCollectionsGenericList1CosmosHALBlockDevicePartitionset_CapacitySystemInt32', ID = '1410'
Method 'SystemInt16SystemBitConverterReadInt16SystemBytearraySystemInt32', ID = '1411'
Method 'SystemVoidCosmosSystemFileSystemFileSystemctorCosmosHALBlockDevicePartitionSystemStringSystemInt64', ID = '1413'
Method 'CosmosHALBlockDevicePartitionCosmosSystemFileSystemFileSystemget_Device', ID = '1414'
Method 'SystemVoidCosmosSystemFileSystemFATFatFileSystemFatctorCosmosSystemFileSystemFATFatFileSystemSystemUInt64', ID = '1416'
Method 'SystemVoidSystemCollectionsGenericList1CosmosSystemFileSystemFileSystemset_CapacitySystemInt32', ID = '1417'
Method 'SystemVoidCosmosSystem_PlugsSystemIODirectoryImplcctor', ID = '1418'
Method 'SystemVoidSystemTextEncodingctorSystemInt32', ID = '1419'
Method 'SystemVoidSystemTextUTF8Encodingcctor', ID = '1420'
Method 'SystemVoidSystemTextEncodingSetDefaultFallbacks', ID = '1421'
Method 'SystemTextEncoderFallbackSystemTextEncoderFallbackget_ReplacementFallback', ID = '1423'
Method 'SystemInt32SystemTextEncoderReplacementFallbackget_MaxCharCount', ID = '1424'
Method 'SystemBooleanSystemCharIsHighSurrogateSystemChar', ID = '1426'
Method 'SystemBooleanSystemCharIsLowSurrogateSystemChar', ID = '1427'
Method 'SystemInt32SystemCharConvertToUtf32SystemCharSystemChar', ID = '1428'
Method 'SystemVoidSystemTextEncoderFallbackBufferThrowLastCharRecursiveSystemInt32', ID = '1429'
Method 'SystemTextEncoderFallbackBufferSystemTextEncoderReplacementFallbackCreateFallbackBuffer', ID = '1432'
Method 'SystemTextEncoderFallbackBufferCosmosCore_PlugsSystemTextEncoderFallbackImplCreateFallbackBuffer', ID = '1433'
Method 'SystemVoidSystemTextEncoderFallbackBufferInternalReset', ID = '1435'
Method 'SystemVoidSystemTextEncodingThrowBytesOverflow', ID = '1436'
Method 'SystemVoidSystemTextEncoderNLSClearMustFlush', ID = '1437'
Method 'SystemVoidCosmosCore_PlugsMemoryOperationsMemoryOperationsImplCopySystemBytepointerSystemBytepointerSystemInt32', ID = '1438'
Method 'SystemStringSystemSRget_Format_InvalidGuidFormatSpecification', ID = '1440'
Method 'SystemInt32SystemGuidHexsToCharsSystemCharpointerSystemInt32SystemInt32', ID = '1441'
Method 'SystemInt32SystemGuidHexsToCharsHexOutputSystemCharpointerSystemInt32SystemInt32', ID = '1442'
Method 'SystemInt32SystemTextStringBuilderget_Capacity', ID = '1446'
Method 'SystemTextStringBuilderSystemTextStringBuilderClear', ID = '1447'
Method 'SystemVoidSystemTextStringBuilderctorSystemInt32', ID = '1448'
Method 'SystemVoidSystemTextStringBuilderAppendHelperSystemString', ID = '1449'
Method 'SystemStringSystemSRget_ArgumentOutOfRange_NegativeCount', ID = '1450'
Method 'SystemInt32SystemTextStringBuilderget_Length', ID = '1451'
Method 'SystemStringSystemSRget_ArgumentOutOfRange_LengthGreaterThanCapacity', ID = '1452'
Method 'SystemVoidSystemTextStringBuilderThreadSafeCopySystemCharpointerSystemChararraySystemInt32SystemInt32', ID = '1453'
Method 'SystemVoidSystemTextStringBuilderExpandByABlockSystemInt32', ID = '1454'
Method 'SystemVoidSystemTextStringBuilderCacheReleaseSystemTextStringBuilder', ID = '1455'
Method 'SystemVoidCosmosCore_PlugsSystemGlobalizationCultureInfoImplCCtor', ID = '1456'
Method 'SystemVoidCosmosCore_PlugsMemoryOperationsMemoryOperationsImplFillSystemBytepointerSystemInt32SystemInt32', ID = '1457'
Method 'SystemBooleanSystemCharIsWhiteSpaceLatin1SystemChar', ID = '1458'
Method 'SystemBooleanSystemGlobalizationCharUnicodeInfoIsWhiteSpaceSystemChar', ID = '1459'
Method 'SystemByteSystemGlobalizationCharUnicodeInfoInternalGetCategoryValueSystemInt32SystemInt32', ID = '1461'
Method 'SystemVoidSystemCollectionsGenericList1CosmosSystemKeyMappingAddWithResizeCosmosSystemKeyMapping', ID = '1463'
Method 'SystemVoidCosmosSystemKeyMappingctorSystemByteSystemCharSystemCharSystemCharSystemCharSystemCharSystemCharSystemCharSystemCharSystemCharSystemCharCosmosSystemConsoleKeyEx', ID = '1464'
Method 'SystemVoidCosmosSystemKeyMappingctorSystemByteSystemCharSystemCharSystemCharSystemCharSystemCharSystemCharSystemCharCosmosSystemConsoleKeyExCosmosSystemConsoleKeyEx', ID = '1465'
Method 'SystemVoidSystemCollectionsGenericList1CosmosSystemKeyMappingcctor', ID = '1466'
Method 'SystemVoidSystemCollectionsGenericList1CosmosSystemFileSystemFileSystemFactoryset_CapacitySystemInt32', ID = '1476'
Method 'SystemInt16SystemRuntimeCompilerServicesUnsafeReadUnalignedSystemInt16SystemByte', ID = '1478'
Method 'CosmosSystemFileSystemListingDirectoryEntryCosmosSystemFileSystemFATFatFileSystemGetRootDirectory', ID = '1479'
Method 'SystemVoidCosmosSystemFileSystemFATFatFileSystemDisplayFileSystemInfo', ID = '1480'
Method 'SystemVoidSystemTextASCIIEncodingSetDefaultFallbacks', ID = '1482'
Method 'SystemVoidSystemTextUTF8EncodingSetDefaultFallbacks', ID = '1483'
Method 'SystemVoidSystemTextInternalEncoderBestFitFallbackctorSystemTextEncoding', ID = '1484'
Method 'SystemVoidSystemTextInternalDecoderBestFitFallbackctorSystemTextEncoding', ID = '1485'
Method 'SystemVoidSystemThreadingMonitorEnterSystemObjectSystemBoolean', ID = '1488'
Method 'SystemVoidSystemTextEncoderReplacementFallbackctor', ID = '1489'
Method 'SystemStringSystemSRget_ArgumentOutOfRange_InvalidHighSurrogate', ID = '1491'
Method 'SystemStringSystemSRget_ArgumentOutOfRange_InvalidLowSurrogate', ID = '1492'
Method 'SystemStringSystemSRget_Argument_RecursiveFallback', ID = '1493'
Method 'SystemVoidSystemTextEncoderReplacementFallbackBufferctorSystemTextEncoderReplacementFallback', ID = '1494'
Method 'SystemVoidSystemTextEncoderFallbackBufferReset', ID = '1496'
Method 'SystemStringSystemSRget_Argument_EncodingConversionOverflowBytes', ID = '1497'
Method 'SystemVoidCosmosCore_PlugsMemoryOperationsMemoryOperationsImplCopyTinySystemBytepointerSystemBytepointerSystemInt32', ID = '1499'
Method 'SystemInt32SystemMathDivRemSystemInt32SystemInt32SystemInt32', ID = '1500'
Method 'SystemVoidCosmosCore_PlugsMemoryOperationsMemoryOperationsImplCopy128BlocksSystemBytepointerSystemBytepointerSystemInt32', ID = '1501'
Method 'SystemCharSystemGuidHexToCharSystemInt32', ID = '1502'
Method 'SystemStringSystemTextStringBuilderToString', ID = '1503'
Method 'SystemVoidSystemTextStringBuilderset_LengthSystemInt32', ID = '1504'
Method 'SystemVoidSystemTextStringBuilderctorSystemInt32SystemInt32', ID = '1505'
Method 'SystemStringSystemSRget_ArgumentOutOfRange_SmallCapacity', ID = '1506'
Method 'SystemInt32SystemMathMinSystemInt32SystemInt32', ID = '1507'
Method 'SystemInt32SystemMathMaxSystemInt32SystemInt32', ID = '1508'
Method 'SystemVoidSystemTextStringBuilderctorSystemTextStringBuilder', ID = '1509'
Method 'SystemVoidCosmosCore_PlugsMemoryOperationsMemoryOperationsImplFill16BlocksSystemBytepointerSystemInt32SystemInt32', ID = '1510'
Method 'SystemVoidCosmosCore_PlugsSystemCharUnicodeInfoImplCctor', ID = '1511'
Method 'SystemVoidSystemCollectionsGenericList1CosmosSystemKeyMappingEnsureCapacitySystemInt32', ID = '1514'
Method 'SystemVoidCosmosSystemKeyMappingctorSystemByteSystemCharSystemCharSystemCharSystemCharSystemCharSystemCharSystemCharSystemCharSystemCharSystemCharCosmosSystemConsoleKeyExCosmosSystemConsoleKeyEx', ID = '1515'
Method 'SystemVoidCosmosCore_AsmCPUImplHalt', ID = '1516'
Method 'SystemInt64CosmosSystemFileSystemFileSystemget_Size', ID = '1520'
Method 'SystemVoidCosmosSystemFileSystemFATListingFatDirectoryEntryctorCosmosSystemFileSystemFATFatFileSystemCosmosSystemFileSystemFATListingFatDirectoryEntrySystemStringSystemInt64SystemStringSystemUInt32', ID = '1521'
Method 'SystemTextDecoderFallbackSystemTextDecoderFallbackget_ReplacementFallback', ID = '1522'
Method 'SystemTextEncoderFallbackSystemTextEncoderFallbackget_ExceptionFallback', ID = '1523'
Method 'SystemTextDecoderFallbackSystemTextDecoderFallbackget_ExceptionFallback', ID = '1524'
Method 'SystemVoidSystemTextEncoderReplacementFallbackctorSystemString', ID = '1525'
Method 'SystemVoidSystemTextDecoderReplacementFallbackctorSystemString', ID = '1526'
Method 'SystemVoidSystemTextEncoderFallbackctor', ID = '1528'
Method 'SystemVoidSystemTextDecoderFallbackctor', ID = '1530'
Method 'SystemObjectCosmosCore_PlugsSystemTextEncoderFallbackImplget_InternalSyncObject', ID = '1532'
Method 'SystemVoidSystemThreadingMonitorThrowLockTakenException', ID = '1535'
Method 'SystemVoidCosmosCore_PlugsSystemThreadingMonitorImplExitSystemObject', ID = '1537'
Method 'SystemVoidSystemTextEncoderFallbackBufferctor', ID = '1539'
Method 'SystemVoidSystemTextEncoderReplacementFallbackBufferReset', ID = '1540'
Method 'SystemVoidCosmosCore_PlugsMemoryOperationsMemoryOperationsImplCopy64BytesSystemBytepointerSystemBytepointer', ID = '1541'
Method 'SystemVoidCosmosCore_PlugsMemoryOperationsMemoryOperationsImplCopy16BytesSystemBytepointerSystemBytepointer', ID = '1542'
Method 'SystemVoidCosmosCore_PlugsMemoryOperationsMemoryOperationsImplCopy32BytesSystemBytepointerSystemBytepointer', ID = '1543'
Method 'SystemVoidCosmosCore_PlugsMemoryOperationsMemoryOperationsImplCopy128BytesSystemBytepointerSystemBytepointer', ID = '1544'
Method 'SystemInt32SystemTextStringBuilderget_MaxCapacity', ID = '1546'
Method 'SystemTextStringBuilderSystemTextStringBuilderAppendSystemCharSystemInt32', ID = '1547'
Method 'SystemTextStringBuilderSystemTextStringBuilderFindChunkForIndexSystemInt32', ID = '1548'
Method 'SystemStringSystemSRget_ArgumentOutOfRange_Capacity', ID = '1549'
Method 'SystemStringSystemSRget_ArgumentOutOfRange_SmallMaxCapacity', ID = '1550'
Method 'SystemStringSystemSRget_ArgumentOutOfRange_MustBePositive', ID = '1551'
Method 'SystemVoidSystemCollectionsGenericList1CosmosSystemKeyMappingset_CapacitySystemInt32', ID = '1553'
Method 'SystemStringCosmosSystem_PlugsSystemInt16ImplToString', ID = '1554'
Method 'SystemVoidCosmosSystemFileSystemListingDirectoryEntryctorCosmosSystemFileSystemFileSystemCosmosSystemFileSystemListingDirectoryEntrySystemStringSystemStringSystemInt64CF93FD9EBFA1014BD1A29AA4B98F76139', ID = '1556'
Method 'SystemVoidSystemTextDecoderReplacementFallbackctor', ID = '1559'
Method 'SystemVoidSystemTextEncoderExceptionFallbackctor', ID = '1561'
Method 'SystemVoidSystemTextDecoderExceptionFallbackctor', ID = '1563'
Method 'SystemBooleanSystemCharIsSurrogateSystemStringSystemInt32', ID = '1564'
Method 'SystemBooleanSystemCharIsHighSurrogateSystemStringSystemInt32', ID = '1565'
Method 'SystemStringSystemSRget_Argument_InvalidCharSequenceNoIndex', ID = '1566'
Method 'SystemInt32SystemTextInternalEncoderBestFitFallbackget_MaxCharCount', ID = '1568'
Method 'SystemStringSystemSRget_Argument_MustBeFalse', ID = '1570'
Method 'SystemVoidCosmosCore_PlugsSystemThreadingMonitorImplReliableEnterSystemObjectSystemBoolean', ID = '1571'
Method 'SystemInt32SystemTextEncoderReplacementFallbackBufferget_Remaining', ID = '1573'
Method 'SystemBooleanSystemTextEncoderReplacementFallbackBufferMovePrevious', ID = '1574'
Method 'SystemBooleanSystemTextEncoderReplacementFallbackBufferFallbackSystemCharSystemCharSystemInt32', ID = '1575'
Method 'SystemBooleanSystemTextEncoderReplacementFallbackBufferFallbackSystemCharSystemInt32', ID = '1576'
Method 'SystemCharSystemTextEncoderReplacementFallbackBufferGetNextChar', ID = '1577'
Method 'SystemVoidSystemMathcctor', ID = '1578'
Method 'SystemObjectCosmosCore_PlugsSystemTextDecoderFallbackImplget_InternalSyncObject', ID = '1582'
Method 'SystemBooleanSystemCharIsSurrogateSystemChar', ID = '1585'
Method 'SystemTextEncoderFallbackBufferCosmosCore_PlugsSystemTextInternalEncoderBestFitFallbackImplCreateFallbackBuffer', ID = '1586'
Method 'SystemStringSystemSRget_ArgumentOutOfRange_Range', ID = '1587'
Method 'SystemInt32SystemTextEncoderExceptionFallbackget_MaxCharCount', ID = '1592'
Method 'SystemTextEncoderFallbackBufferSystemTextEncoderExceptionFallbackCreateFallbackBuffer', ID = '1593'
Method 'SystemVoidSystemTextEncoderExceptionFallbackBufferctor', ID = '1595'
Method 'SystemInt32SystemTextEncoderExceptionFallbackBufferget_Remaining', ID = '1597'
Method 'SystemBooleanSystemTextEncoderExceptionFallbackBufferMovePrevious', ID = '1598'
Method 'SystemBooleanSystemTextEncoderExceptionFallbackBufferFallbackSystemCharSystemCharSystemInt32', ID = '1599'
Method 'SystemBooleanSystemTextEncoderExceptionFallbackBufferFallbackSystemCharSystemInt32', ID = '1600'
Method 'SystemCharSystemTextEncoderExceptionFallbackBufferGetNextChar', ID = '1601'
Method 'SystemStringSystemSRget_Argument_InvalidCodePageConversionIndex', ID = '1602'
Method 'SystemVoidSystemTextEncoderFallbackExceptionctorSystemStringSystemCharSystemCharSystemInt32', ID = '1603'
Method 'SystemVoidSystemTextEncoderFallbackExceptionctorSystemStringSystemCharSystemInt32', ID = '1604'
idSystemTextEncoderFallbackExceptionctorSystemStringSystemCharSystemInt32', ID = '1606'
coderExceptionFallbackctor', ID = '1604'
Method 'SystemBooleanSystemCharIsSurrogateSystemStringSystemInt32', ID = '1605'
Method 'SystemBooleanSystemCharIsHighSurrogateSystemStringSystemInt32', ID = '1606'
Method 'SystemStringSystemSRget_Argument_InvalidCharSequenceNoIndex', ID = '1607'
Method 'SystemInt32SystemTextInternalEncoderBestFitFallbackget_MaxCharCount', ID = '1609'
Method 'SystemStringSystemSRget_Argument_MustBeFalse', ID = '1611'
Method 'SystemVoidCosmosCore_PlugsSystemThreadingMonitorImplReliableEnterSystemObjectSystemBoolean', ID = '1612'
Method 'SystemInt32SystemTextEncoderReplacementFallbackBufferget_Remaining', ID = '1614'
Method 'SystemBooleanSystemTextEncoderReplacementFallbackBufferMovePrevious', ID = '1615'
Method 'SystemBooleanSystemTextEncoderReplacementFallbackBufferFallbackSystemCharSystemCharSystemInt32', ID = '1616'
Method 'SystemBooleanSystemTextEncoderReplacementFallbackBufferFallbackSystemCharSystemInt32', ID = '1617'
Method 'SystemCharSystemTextEncoderReplacementFallbackBufferGetNextChar', ID = '1618'
Method 'SystemVoidSystemMathcctor', ID = '1619'
Method 'SystemStringCosmosSystem_PlugsSystemInt16ImplToString', ID = '1620'
Method 'SystemBytearrayCosmosSystemFileSystemFATListingFatDirectoryEntryGetDirectoryEntryData', ID = '1622'
Method 'SystemVoidSystemCollectionsGenericList1CosmosSystemFileSystemFATListingFatDirectoryEntryctor', ID = '1623'
Method 'SystemTextEncodingSystemTextEncodingget_Unicode', ID = '1624'
Method 'SystemStringSystemTextEncodingGetStringSystemBytearraySystemInt32SystemInt32', ID = '1625'
Method 'SystemStringSystemStringTrimSystemChararray', ID = '1626'
Method 'SystemStringSystemStringTrim', ID = '1627'
Method 'SystemChararraySystemArrayEmptySystemChar', ID = '1628'
Method 'SystemStringSystemStringTrimEndSystemChararray', ID = '1629'
Method 'SystemVoidCosmosSystemFileSystemFATListingFatDirectoryEntryctorCosmosSystemFileSystemFATFatFileSystemCosmosSystemFileSystemFATListingFatDirectoryEntrySystemStringSystemF1F0F3C3B2C9F29A1A436F08CC89B07B', ID = '1631'
Method 'SystemVoidSystemCollectionsGenericList1CosmosSystemFileSystemFATListingFatDirectoryEntryAddCosmosSystemFileSystemFATListingFatDirectoryEntry', ID = '1632'
Method 'SystemVoidSystemCollectionsGenericList1CosmosSystemFileSystemListingDirectoryEntryAddWithResizeCosmosSystemFileSystemListingDirectoryEntry', ID = '1633'
Method 'SystemStringCosmosSystem_PlugsSystemIODirectoryImplGetCurrentDirectory', ID = '1636'
Method 'SystemStringSystemSRget_ArgumentOutOfRange_StartIndexLessThanLength', ID = '1637'
Method 'SystemStringSystemSRget_Arg_EnumIllegalVal', ID = '1638'
Method 'SystemStringarraySystemArrayEmptySystemString', ID = '1639'
Method 'SystemInt32SystemStringMakeSeparatorListSystemCharpointerSystemInt32SystemInt32array', ID = '1640'
Method 'SystemStringarraySystemStringSplitOmitEmptyEntriesSystemInt32arraySystemInt32arraySystemInt32SystemInt32SystemInt32', ID = '1641'
Method 'SystemStringarraySystemStringSplitKeepEmptyEntriesSystemInt32arraySystemInt32arraySystemInt32SystemInt32SystemInt32', ID = '1642'
Method 'SystemVoidCosmosSystemFileSystemListingDirectoryEntryctorCosmosSystemFileSystemFileSystemCosmosSystemFileSystemListingDirectoryEntrySystemStringSystemStringSystemInt64CF93FD9EBFA1014BD1A29AA4B98F76139', ID = '1643'
Method 'SystemObjectCosmosCore_PlugsSystemTextDecoderFallbackImplget_InternalSyncObject', ID = '1644'
Method 'SystemBooleanSystemCharIsSurrogateSystemChar', ID = '1647'
Method 'SystemTextEncoderFallbackBufferCosmosCore_PlugsSystemTextInternalEncoderBestFitFallbackImplCreateFallbackBuffer', ID = '1648'
Method 'SystemStringSystemSRget_ArgumentOutOfRange_Range', ID = '1649'
Method 'SystemVoidSystemCollectionsGenericList1CosmosSystemFileSystemFATListingFatDirectoryEntrycctor', ID = '1655'
Method 'SystemVoidCosmosSystemFileSystemFATFatFileSystemReadSystemInt64SystemBytearraySystemInt64SystemInt64', ID = '1661'
Method 'SystemStringSystemTextASCIIEncodingGetStringSystemBytearraySystemInt32SystemInt32', ID = '1665'
Method 'SystemStringSystemTextUTF8EncodingGetStringSystemBytearraySystemInt32SystemInt32', ID = '1666'
Method 'SystemStringSystemTextUnicodeEncodingGetStringSystemBytearraySystemInt32SystemInt32', ID = '1667'
Method 'SystemChararraySystemTextEncodingGetCharsSystemBytearraySystemInt32SystemInt32', ID = '1668'
Method 'SystemStringSystemStringTrimWhiteSpaceHelperSystemStringTrimType', ID = '1669'
Method 'SystemStringSystemStringTrimHelperSystemCharpointerSystemInt32SystemStringTrimType', ID = '1670'
Method 'SystemStringCosmosSystem_PlugsSystemIOPathImplCombineSystemStringSystemString', ID = '1673'
Method 'SystemVoidSystemCollectionsGenericList1CosmosSystemFileSystemFATListingFatDirectoryEntryAddWithResizeCosmosSystemFileSystemFATListingFatDirectoryEntry', ID = '1675'
Method 'SystemVoidSystemCollectionsGenericList1CosmosSystemFileSystemListingDirectoryEntryEnsureCapacitySystemInt32', ID = '1676'
Method 'SystemStringSystemStringSubstringSystemInt32', ID = '1680'
Method 'SystemInt32SystemTextEncoderExceptionFallbackget_MaxCharCount', ID = '1682'
Method 'SystemTextEncoderFallbackBufferSystemTextEncoderExceptionFallbackCreateFallbackBuffer', ID = '1683'
Method 'SystemBytearrayCosmosSystemFileSystemFATFatFileSystemNewBlockArray', ID = '1685'
Method 'SystemVoidSystemTextUnicodeEncodingcctor', ID = '1686'
Method 'SystemInt32SystemTextUnicodeEncodingGetByteCountSystemString', ID = '1687'
Method 'SystemInt32SystemTextUnicodeEncodingGetBytesSystemStringSystemInt32SystemInt32SystemBytearraySystemInt32', ID = '1688'
Method 'SystemInt32SystemTextUnicodeEncodingGetByteCountSystemChararraySystemInt32SystemInt32', ID = '1689'
Method 'SystemInt32SystemTextUnicodeEncodingGetBytesSystemChararraySystemInt32SystemInt32SystemBytearraySystemInt32', ID = '1690'
Method 'SystemInt32SystemTextUnicodeEncodingGetByteCountSystemCharpointerSystemInt32SystemTextEncoderNLS', ID = '1691'
Method 'SystemInt32SystemTextUnicodeEncodingGetBytesSystemCharpointerSystemInt32SystemBytepointerSystemInt32SystemTextEncoderNLS', ID = '1692'
Method 'SystemInt32SystemTextUnicodeEncodingGetByteCountSystemCharpointerSystemInt32', ID = '1693'
Method 'SystemInt32SystemTextUnicodeEncodingGetBytesSystemCharpointerSystemInt32SystemBytepointerSystemInt32', ID = '1694'
Method 'SystemVoidSystemTextUnicodeEncodingSetDefaultFallbacks', ID = '1695'
Method 'SystemStringSystemStringCreateStringFromEncodingSystemBytepointerSystemInt32SystemTextEncoding', ID = '1696'
Method 'SystemStringSystemStringCreateTrimmedStringSystemInt32SystemInt32', ID = '1700'
Method 'SystemVoidSystemArrayEmptyArray1SystemCharcctor', ID = '1701'
Method 'SystemVoidCosmosSystem_PlugsSystemIOPathImplCheckInvalidPathCharsSystemStringSystemBoolean', ID = '1702'
Method 'SystemStringCosmosSystem_PlugsSystemIOPathImplCombineNoChecksSystemStringSystemString', ID = '1703'
Method 'SystemVoidSystemCollectionsGenericList1CosmosSystemFileSystemFATListingFatDirectoryEntryEnsureCapacitySystemInt32', ID = '1704'
Method 'SystemVoidSystemCollectionsGenericList1CosmosSystemFileSystemListingDirectoryEntryset_CapacitySystemInt32', ID = '1705'
Method 'SystemVoidSystemArrayEmptyArray1SystemStringcctor', ID = '1706'
Method 'SystemVoidSystemTextEncoderExceptionFallbackBufferctor', ID = '1712'
Method 'SystemVoidSystemTextUnicodeEncodingctorSystemBooleanSystemBoolean', ID = '1713'
Method 'SystemStringSystemSRget_ArgumentOutOfRange_GetByteCountOverflow', ID = '1715'
Method 'SystemInt32SystemTextEncodingGetCharCountSystemBytepointerSystemInt32SystemTextDecoderNLS', ID = '1716'
Method 'SystemInt32SystemTextEncodingGetCharsSystemBytepointerSystemInt32SystemCharpointerSystemInt32SystemTextDecoderNLS', ID = '1717'
Method 'SystemInt32SystemTextASCIIEncodingGetCharCountSystemBytearraySystemInt32SystemInt32', ID = '1718'
Method 'SystemInt32SystemTextUTF8EncodingGetCharCountSystemBytearraySystemInt32SystemInt32', ID = '1719'
Method 'SystemInt32SystemTextUnicodeEncodingGetCharCountSystemBytearraySystemInt32SystemInt32', ID = '1720'
Method 'SystemInt32SystemTextASCIIEncodingGetCharsSystemBytearraySystemInt32SystemInt32SystemChararraySystemInt32', ID = '1721'
Method 'SystemInt32SystemTextUTF8EncodingGetCharsSystemBytearraySystemInt32SystemInt32SystemChararraySystemInt32', ID = '1722'
Method 'SystemInt32SystemTextUnicodeEncodingGetCharsSystemBytearraySystemInt32SystemInt32SystemChararraySystemInt32', ID = '1723'
Method 'SystemChararrayCosmosSystemFileSystemVFSVFSManagerGetRealInvalidPathChars', ID = '1724'
Method 'SystemInt32SystemStringIndexOfSystemChar', ID = '1725'
Method 'SystemBooleanCosmosSystem_PlugsSystemIOPathImplIsPathRootedSystemString', ID = '1726'
Method 'SystemVoidSystemCollectionsGenericList1CosmosSystemFileSystemFATListingFatDirectoryEntryset_CapacitySystemInt32', ID = '1727'
Method 'SystemVoidSystemTextUnicodeEncodingctorSystemBooleanSystemBooleanSystemBoolean', ID = '1729'
Method 'SystemInt32SystemTextASCIIEncodingGetCharCountSystemBytepointerSystemInt32SystemTextDecoderNLS', ID = '1731'
Method 'SystemInt32SystemTextUTF8EncodingGetCharCountSystemBytepointerSystemInt32SystemTextDecoderNLS', ID = '1732'
Method 'SystemInt32SystemTextUnicodeEncodingGetCharCountSystemBytepointerSystemInt32SystemTextDecoderNLS', ID = '1733'
Method 'SystemInt32SystemTextEncodingGetCharCountSystemBytepointerSystemInt32', ID = '1734'
Method 'SystemInt32SystemTextASCIIEncodingGetCharsSystemBytepointerSystemInt32SystemCharpointerSystemInt32SystemTextDecoderNLS', ID = '1735'
Method 'SystemInt32SystemTextUTF8EncodingGetCharsSystemBytepointerSystemInt32SystemCharpointerSystemInt32SystemTextDecoderNLS', ID = '1736'
Method 'SystemInt32SystemTextUnicodeEncodingGetCharsSystemBytepointerSystemInt32SystemCharpointerSystemInt32SystemTextDecoderNLS', ID = '1737'
Method 'SystemInt32SystemTextEncodingGetCharsSystemBytepointerSystemInt32SystemCharpointerSystemInt32', ID = '1738'
Method 'SystemInt32SystemTextEncoderExceptionFallbackBufferget_Remaining', ID = '1741'
Method 'SystemBooleanSystemTextEncoderExceptionFallbackBufferMovePrevious', ID = '1742'
Method 'SystemBooleanSystemTextEncoderExceptionFallbackBufferFallbackSystemCharSystemCharSystemInt32', ID = '1743'
Method 'SystemBooleanSystemTextEncoderExceptionFallbackBufferFallbackSystemCharSystemInt32', ID = '1744'
Method 'SystemCharSystemTextEncoderExceptionFallbackBufferGetNextChar', ID = '1745'
Method 'SystemTextDecoderFallbackSystemTextEncodingget_DecoderFallback', ID = '1747'
Method 'SystemTextDecoderFallbackSystemTextDecoderget_Fallback', ID = '1748'
Method 'SystemTextDecoderFallbackBufferSystemTextDecoderget_FallbackBuffer', ID = '1751'
Method 'SystemVoidSystemTextDecoderFallbackBufferInternalInitializeSystemBytepointerSystemCharpointer', ID = '1752'
Method 'SystemInt32SystemTextDecoderFallbackBufferInternalFallbackSystemBytearraySystemBytepointer', ID = '1753'
Method 'SystemInt32SystemTextUTF8EncodingFallbackInvalidByteSequenceSystemBytepointerSystemInt32SystemTextDecoderFallbackBuffer', ID = '1755'
Method 'SystemBooleanSystemTextDecoderNLSget_MustFlush', ID = '1756'
Method 'SystemInt32SystemTextASCIIEncodingGetCharCountSystemBytepointerSystemInt32', ID = '1758'
Method 'SystemInt32SystemTextUTF8EncodingGetCharCountSystemBytepointerSystemInt32', ID = '1759'
Method 'SystemInt32SystemTextUnicodeEncodingGetCharCountSystemBytepointerSystemInt32', ID = '1760'
Method 'SystemStringSystemTextDecoderReplacementFallbackget_DefaultString', ID = '1761'
Method 'SystemVoidSystemTextEncodingThrowCharsOverflowSystemTextDecoderNLSSystemBoolean', ID = '1762'
Method 'SystemBooleanSystemTextDecoderFallbackBufferInternalFallbackSystemBytearraySystemBytepointerSystemCharpointer', ID = '1763'
Method 'SystemVoidSystemTextDecoderFallbackBufferInternalReset', ID = '1764'
Method 'SystemBooleanSystemTextUTF8EncodingFallbackInvalidByteSequenceSystemBytepointerSystemInt32SystemTextDecoderFallbackBufferSystemCharpointer', ID = '1765'
Method 'SystemInt32SystemTextASCIIEncodingGetCharsSystemBytepointerSystemInt32SystemCharpointerSystemInt32', ID = '1766'
Method 'SystemInt32SystemTextUTF8EncodingGetCharsSystemBytepointerSystemInt32SystemCharpointerSystemInt32', ID = '1767'
Method 'SystemInt32SystemTextUnicodeEncodingGetCharsSystemBytepointerSystemInt32SystemCharpointerSystemInt32', ID = '1768'
Method 'SystemInt32CosmosCore_PlugsSystemStringImplIndexOfSystemCharSystemInt32SystemInt32', ID = '1769'
Method 'SystemStringSystemSRget_Argument_InvalidCodePageConversionIndex', ID = '1770'
Method 'SystemVoidSystemTextEncoderFallbackExceptionctorSystemStringSystemCharSystemCharSystemInt32', ID = '1771'
Method 'SystemVoidSystemTextEncoderFallbackExceptionctorSystemStringSystemCharSystemInt32', ID = '1772'
Method 'SystemInt32SystemTextInternalDecoderBestFitFallbackget_MaxCharCount', ID = '1773'
Method 'SystemInt32SystemTextDecoderReplacementFallbackget_MaxCharCount', ID = '1774'
Method 'SystemInt32SystemTextDecoderExceptionFallbackget_MaxCharCount', ID = '1775'
Method 'SystemTextDecoderFallbackBufferSystemTextInternalDecoderBestFitFallbackCreateFallbackBuffer', ID = '1777'
Method 'SystemTextDecoderFallbackBufferSystemTextDecoderReplacementFallbackCreateFallbackBuffer', ID = '1778'
Method 'SystemTextDecoderFallbackBufferSystemTextDecoderExceptionFallbackCreateFallbackBuffer', ID = '1779'
Method 'SystemBytearraySystemTextUTF8EncodingGetBytesUnknownSystemBytepointerSystemInt32', ID = '1782'
Method 'SystemBooleanSystemTextDecoderget_InternalHasFallbackBuffer', ID = '1783'
Method 'SystemVoidSystemTextEncodingThrowCharsOverflow', ID = '1784'
Method 'SystemVoidSystemTextDecoderNLSClearMustFlush', ID = '1785'
Method 'SystemVoidSystemTextDecoderFallbackBufferReset', ID = '1786'
Method 'SystemVoidSystemTextInternalDecoderBestFitFallbackBufferctorSystemTextInternalDecoderBestFitFallback', ID = '1789'
Method 'SystemVoidSystemTextDecoderReplacementFallbackBufferctorSystemTextDecoderReplacementFallback', ID = '1790'
Method 'SystemVoidSystemTextDecoderExceptionFallbackBufferctor', ID = '1791'
Method 'SystemStringSystemSRget_Argument_EncodingConversionOverflowChars', ID = '1792'
Method 'SystemVoidSystemTextDecoderFallbackBufferctor', ID = '1794'
Method 'SystemChararraySystemTextEncodingGetBestFitBytesToUnicodeData', ID = '1796'
Method 'SystemInt32SystemTextInternalDecoderBestFitFallbackBufferInternalFallbackSystemBytearraySystemBytepointer', ID = '1799'
Method 'SystemBooleanSystemTextInternalDecoderBestFitFallbackBufferFallbackSystemBytearraySystemInt32', ID = '1800'
Method 'SystemCharSystemTextInternalDecoderBestFitFallbackBufferGetNextChar', ID = '1801'
Method 'SystemVoidSystemTextInternalDecoderBestFitFallbackBufferReset', ID = '1802'
Method 'SystemObjectCosmosCore_PlugsSystemTextInternalDecoderBestFitFallbackBufferImplget_InternalSyncObject', ID = '1803'
Method 'SystemInt32SystemTextDecoderReplacementFallbackBufferInternalFallbackSystemBytearraySystemBytepointer', ID = '1804'
Method 'SystemBooleanSystemTextDecoderReplacementFallbackBufferFallbackSystemBytearraySystemInt32', ID = '1805'
Method 'SystemCharSystemTextDecoderReplacementFallbackBufferGetNextChar', ID = '1806'
Method 'SystemVoidSystemTextDecoderReplacementFallbackBufferReset', ID = '1807'
Method 'SystemCharSystemTextDecoderExceptionFallbackBufferGetNextChar', ID = '1809'
Method 'SystemCharSystemTextInternalDecoderBestFitFallbackBufferTryBestFitSystemBytearray', ID = '1810'
Method 'SystemVoidSystemTextDecoderFallbackBufferThrowLastBytesRecursiveSystemBytearray', ID = '1812'
Method 'SystemBooleanCosmosSystem_PlugsSystemTextDecoderExceptionFallbackBufferImplFallbackSystemBytearraySystemInt32', ID = '1813'
Method 'SystemStringSystemSRget_Argument_RecursiveFallbackBytes', ID = '1816'
Method 'SystemGlobalizationCultureInfoCosmosCore_PlugsSystemGlobalizationCultureInfoImplget_InvariantCulture', ID = '1818'
Method 'SystemStringCosmosCore_PlugsSystemStringImplFormatSystemIFormatProviderSystemStringSystemObject', ID = '1819'
